[debug] [2021-06-30T19:41:42.869Z] ----------------------------------------------------------------------
[debug] [2021-06-30T19:41:42.871Z] Command:       C:\Program Files\nodejs\node.exe C:\Users\Alejandro\AppData\Roaming\npm\node_modules\firebase-tools\lib\bin\firebase.js serve
[debug] [2021-06-30T19:41:42.871Z] CLI Version:   9.12.1
[debug] [2021-06-30T19:41:42.871Z] Platform:      win32
[debug] [2021-06-30T19:41:42.871Z] Node Version:  v12.17.0
[debug] [2021-06-30T19:41:42.872Z] Time:          Wed Jun 30 2021 14:41:42 GMT-0500 (Colombia Standard Time)
[debug] [2021-06-30T19:41:42.872Z] ----------------------------------------------------------------------
[debug] 
[debug] [2021-06-30T19:41:42.879Z] > command requires scopes: ["email","openid","https://www.googleapis.com/auth/cloudplatformprojects.readonly","https://www.googleapis.com/auth/firebase","https://www.googleapis.com/auth/cloud-platform"]
[debug] [2021-06-30T19:41:42.879Z] > authorizing via signed-in user (alejost848@gmail.com)
[debug] [2021-06-30T19:41:42.879Z] [iam] checking project alejost848-afea9 for permissions ["firebase.projects.get"]
[debug] [2021-06-30T19:41:42.882Z] > refreshing access token with scopes: ["email","https://www.googleapis.com/auth/cloud-platform","https://www.googleapis.com/auth/cloudplatformprojects.readonly","https://www.googleapis.com/auth/firebase","openid"]
[debug] [2021-06-30T19:41:42.882Z] >>> HTTP REQUEST POST https://www.googleapis.com/oauth2/v3/token  
 <request body omitted>
[debug] [2021-06-30T19:41:43.244Z] <<< HTTP RESPONSE 200 {"pragma":"no-cache","date":"Wed, 30 Jun 2021 19:41:43 GMT","expires":"Mon, 01 Jan 1990 00:00:00 GMT","cache-control":"no-cache, no-store, max-age=0, must-revalidate","content-type":"application/json; charset=utf-8","vary":"X-Origin, Referer, Origin,Accept-Encoding","server":"scaffolding on HTTPServer2","x-xss-protection":"0","x-frame-options":"SAMEORIGIN","x-content-type-options":"nosniff","alt-svc":"h3=\":443\"; ma=2592000,h3-29=\":443\"; ma=2592000,h3-T051=\":443\"; ma=2592000,h3-Q050=\":443\"; ma=2592000,h3-Q046=\":443\"; ma=2592000,h3-Q043=\":443\"; ma=2592000,quic=\":443\"; ma=2592000; v=\"46,43\"","accept-ranges":"none","transfer-encoding":"chunked"}
[debug] [2021-06-30T19:41:43.252Z] >>> HTTP REQUEST POST https://cloudresourcemanager.googleapis.com/v1/projects/alejost848-afea9:testIamPermissions  
 {"permissions":["firebase.projects.get"]}
[debug] [2021-06-30T19:41:43.865Z] <<< HTTP RESPONSE 200 {"content-type":"application/json; charset=UTF-8","vary":"X-Origin, Referer, Origin,Accept-Encoding","date":"Wed, 30 Jun 2021 19:41:43 GMT","server":"ESF","cache-control":"private","x-xss-protection":"0","x-frame-options":"SAMEORIGIN","x-content-type-options":"nosniff","server-timing":"gfet4t7; dur=323","alt-svc":"h3=\":443\"; ma=2592000,h3-29=\":443\"; ma=2592000,h3-T051=\":443\"; ma=2592000,h3-Q050=\":443\"; ma=2592000,h3-Q046=\":443\"; ma=2592000,h3-Q043=\":443\"; ma=2592000,quic=\":443\"; ma=2592000; v=\"46,43\"","accept-ranges":"none","transfer-encoding":"chunked"}
[debug] [2021-06-30T19:41:43.866Z] > refreshing access token with scopes: []
[debug] [2021-06-30T19:41:43.867Z] >>> HTTP REQUEST POST https://www.googleapis.com/oauth2/v3/token  
 <request body omitted>
[debug] [2021-06-30T19:41:44.133Z] <<< HTTP RESPONSE 200 {"cache-control":"no-cache, no-store, max-age=0, must-revalidate","pragma":"no-cache","date":"Wed, 30 Jun 2021 19:41:43 GMT","expires":"Mon, 01 Jan 1990 00:00:00 GMT","content-type":"application/json; charset=utf-8","vary":"X-Origin, Referer, Origin,Accept-Encoding","server":"scaffolding on HTTPServer2","x-xss-protection":"0","x-frame-options":"SAMEORIGIN","x-content-type-options":"nosniff","alt-svc":"h3=\":443\"; ma=2592000,h3-29=\":443\"; ma=2592000,h3-T051=\":443\"; ma=2592000,h3-Q050=\":443\"; ma=2592000,h3-Q046=\":443\"; ma=2592000,h3-Q043=\":443\"; ma=2592000,quic=\":443\"; ma=2592000; v=\"46,43\"","accept-ranges":"none","transfer-encoding":"chunked"}
[debug] [2021-06-30T19:41:44.141Z] >>> [apiv2][query] GET https://firebase.googleapis.com/v1beta1/projects/alejost848-afea9 [none]
[debug] [2021-06-30T19:41:44.554Z] <<< [apiv2][status] GET https://firebase.googleapis.com/v1beta1/projects/alejost848-afea9 200
[debug] [2021-06-30T19:41:44.555Z] <<< [apiv2][body] GET https://firebase.googleapis.com/v1beta1/projects/alejost848-afea9 {"projectId":"alejost848-afea9","projectNumber":"776617594441","displayName":"alejost848","name":"projects/alejost848-afea9","resources":{"hostingSite":"alejost848-afea9","realtimeDatabaseInstance":"alejost848-afea9","storageBucket":"alejost848-afea9.appspot.com","locationId":"us-central"},"state":"ACTIVE"}
[info] 
[info] === Serving from 'C:\Users\Alejandro\Desktop\alejost848'...
[info] 
[debug] [2021-06-30T19:41:44.558Z] >>> [apiv2][query] GET https://firebasehosting.googleapis.com/v1beta1/projects/alejost848-afea9/sites 
[debug] [2021-06-30T19:41:45.254Z] <<< [apiv2][status] GET https://firebasehosting.googleapis.com/v1beta1/projects/alejost848-afea9/sites 200
[debug] [2021-06-30T19:41:45.254Z] <<< [apiv2][body] GET https://firebasehosting.googleapis.com/v1beta1/projects/alejost848-afea9/sites {"sites":[{"name":"projects/776617594441/sites/alejost848-afea9","defaultUrl":"https://alejost848-afea9.web.app","type":"DEFAULT_SITE"}]}
[debug] [2021-06-30T19:41:45.254Z] >>> [apiv2][query] GET https://firebase.googleapis.com/v1beta1/projects/alejost848-afea9/webApps/-/config [none]
[debug] [2021-06-30T19:41:45.770Z] <<< [apiv2][status] GET https://firebase.googleapis.com/v1beta1/projects/alejost848-afea9/webApps/-/config 200
[debug] [2021-06-30T19:41:45.770Z] <<< [apiv2][body] GET https://firebase.googleapis.com/v1beta1/projects/alejost848-afea9/webApps/-/config {"projectId":"alejost848-afea9","databaseURL":"https://alejost848-afea9.firebaseio.com","storageBucket":"alejost848-afea9.appspot.com","locationId":"us-central","apiKey":"AIzaSyClG-y7seb17rhGIa3hN4QCLn_8Ren4SRw","authDomain":"alejost848-afea9.firebaseapp.com","messagingSenderId":"776617594441"}
[info] i  hosting: Serving hosting files from: build/default {"metadata":{"emulator":{"name":"hosting"},"message":"Serving hosting files from: \u001b[1mbuild/default\u001b[22m"}}
[info] +  hosting: Local server: http://localhost:5000 {"metadata":{"emulator":{"name":"hosting"},"message":"Local server: \u001b[4m\u001b[1mhttp://localhost:5000\u001b[22m\u001b[24m"}}
[info] +  functions: Using node@12 from host. {"metadata":{"emulator":{"name":"functions"},"message":"Using node@12 from host."}}
[debug] [2021-06-30T19:41:46.586Z] defaultcredentials: writing to file C:\Users\Alejandro\AppData\Roaming\firebase\alejost848_gmail_com_application_default_credentials.json
[debug] [2021-06-30T19:41:46.587Z] Setting GAC to C:\Users\Alejandro\AppData\Roaming\firebase\alejost848_gmail_com_application_default_credentials.json {"metadata":{"emulator":{"name":"functions"},"message":"Setting GAC to C:\\Users\\Alejandro\\AppData\\Roaming\\firebase\\alejost848_gmail_com_application_default_credentials.json"}}
[debug] [2021-06-30T19:41:46.587Z] >>> [apiv2][query] GET https://firebase.googleapis.com/v1beta1/projects/alejost848-afea9/adminSdkConfig [none]
[debug] [2021-06-30T19:41:46.938Z] <<< [apiv2][status] GET https://firebase.googleapis.com/v1beta1/projects/alejost848-afea9/adminSdkConfig 200
[debug] [2021-06-30T19:41:46.939Z] <<< [apiv2][body] GET https://firebase.googleapis.com/v1beta1/projects/alejost848-afea9/adminSdkConfig {"projectId":"alejost848-afea9","databaseURL":"https://alejost848-afea9.firebaseio.com","storageBucket":"alejost848-afea9.appspot.com","locationId":"us-central"}
[info] i  functions: Watching "C:\Users\Alejandro\Desktop\alejost848\functions" for Cloud Functions... {"metadata":{"emulator":{"name":"functions"},"message":"Watching \"C:\\Users\\Alejandro\\Desktop\\alejost848\\functions\" for Cloud Functions..."}}
[debug] [2021-06-30T19:41:46.957Z] [worker-pool] addWorker(~diagnostic~) {"metadata":{"emulator":{"name":"functions"},"message":"[worker-pool] addWorker(~diagnostic~)"}}
[debug] [2021-06-30T19:41:46.957Z] [worker-pool] Adding worker with key ~diagnostic~, total=1 {"metadata":{"emulator":{"name":"functions"},"message":"[worker-pool] Adding worker with key ~diagnostic~, total=1"}}
[debug] [2021-06-30T19:41:46.957Z] [worker-pool] submitWork(triggerId=) {"metadata":{"emulator":{"name":"functions"},"message":"[worker-pool] submitWork(triggerId=)"}}
[debug] [2021-06-30T19:41:46.958Z] [worker-~diagnostic~-fb63a4bb-91bb-424a-9634-3420228d8ac0]: Assigning socketPath: \\?\pipe\C:\Users\Alejandro\Desktop\alejost848\functions\10996 {"metadata":{"emulator":{"name":"functions"},"message":"[worker-~diagnostic~-fb63a4bb-91bb-424a-9634-3420228d8ac0]: Assigning socketPath: \\\\?\\pipe\\C:\\Users\\Alejandro\\Desktop\\alejost848\\functions\\10996"}}
[debug] [2021-06-30T19:41:46.958Z] [worker-~diagnostic~-fb63a4bb-91bb-424a-9634-3420228d8ac0]: BUSY {"metadata":{"emulator":{"name":"functions"},"message":"[worker-~diagnostic~-fb63a4bb-91bb-424a-9634-3420228d8ac0]: BUSY"}}
[debug] [2021-06-30T19:41:47.136Z] [runtime-status] [10996] Functions runtime initialized. {"cwd":"C:\\Users\\Alejandro\\Desktop\\alejost848\\functions","node_version":"12.17.0"} {"metadata":{"emulator":{"name":"functions"},"message":"[runtime-status] [10996] Functions runtime initialized. {\"cwd\":\"C:\\\\Users\\\\Alejandro\\\\Desktop\\\\alejost848\\\\functions\",\"node_version\":\"12.17.0\"}"}}
[debug] [2021-06-30T19:41:47.136Z] [runtime-status] [10996] Disabled runtime features: undefined {"metadata":{"emulator":{"name":"functions"},"message":"[runtime-status] [10996] Disabled runtime features: undefined"}}
[debug] [2021-06-30T19:41:47.139Z] [runtime-status] [10996] Resolved module firebase-admin {"declared":true,"installed":true,"version":"9.10.0","resolution":"C:\\Users\\Alejandro\\Desktop\\alejost848\\functions\\node_modules\\firebase-admin\\lib\\index.js"} {"metadata":{"emulator":{"name":"functions"},"message":"[runtime-status] [10996] Resolved module firebase-admin {\"declared\":true,\"installed\":true,\"version\":\"9.10.0\",\"resolution\":\"C:\\\\Users\\\\Alejandro\\\\Desktop\\\\alejost848\\\\functions\\\\node_modules\\\\firebase-admin\\\\lib\\\\index.js\"}"}}
[debug] [2021-06-30T19:41:47.140Z] [runtime-status] [10996] Resolved module firebase-functions {"declared":true,"installed":true,"version":"3.14.1","resolution":"C:\\Users\\Alejandro\\Desktop\\alejost848\\functions\\node_modules\\firebase-functions\\lib\\index.js"} {"metadata":{"emulator":{"name":"functions"},"message":"[runtime-status] [10996] Resolved module firebase-functions {\"declared\":true,\"installed\":true,\"version\":\"3.14.1\",\"resolution\":\"C:\\\\Users\\\\Alejandro\\\\Desktop\\\\alejost848\\\\functions\\\\node_modules\\\\firebase-functions\\\\lib\\\\index.js\"}"}}
[debug] [2021-06-30T19:41:47.141Z] [runtime-status] [10996] Found local functions config: C:\Users\Alejandro\Desktop\alejost848\functions/.runtimeconfig.json {"metadata":{"emulator":{"name":"functions"},"message":"[runtime-status] [10996] Found local functions config: C:\\Users\\Alejandro\\Desktop\\alejost848\\functions/.runtimeconfig.json"}}
[debug] [2021-06-30T19:41:47.141Z] [runtime-status] [10996] Resolved module firebase-functions {"declared":true,"installed":true,"version":"3.14.1","resolution":"C:\\Users\\Alejandro\\Desktop\\alejost848\\functions\\node_modules\\firebase-functions\\lib\\index.js"} {"metadata":{"emulator":{"name":"functions"},"message":"[runtime-status] [10996] Resolved module firebase-functions {\"declared\":true,\"installed\":true,\"version\":\"3.14.1\",\"resolution\":\"C:\\\\Users\\\\Alejandro\\\\Desktop\\\\alejost848\\\\functions\\\\node_modules\\\\firebase-functions\\\\lib\\\\index.js\"}"}}
[debug] [2021-06-30T19:41:47.142Z] [runtime-status] [10996] Outgoing network have been stubbed. [{"name":"http","status":"mocked"},{"name":"http","status":"mocked"},{"name":"https","status":"mocked"},{"name":"https","status":"mocked"},{"name":"net","status":"mocked"}] {"metadata":{"emulator":{"name":"functions"},"message":"[runtime-status] [10996] Outgoing network have been stubbed. [{\"name\":\"http\",\"status\":\"mocked\"},{\"name\":\"http\",\"status\":\"mocked\"},{\"name\":\"https\",\"status\":\"mocked\"},{\"name\":\"https\",\"status\":\"mocked\"},{\"name\":\"net\",\"status\":\"mocked\"}]"}}
[debug] [2021-06-30T19:41:47.143Z] [runtime-status] [10996] Resolved module firebase-functions {"declared":true,"installed":true,"version":"3.14.1","resolution":"C:\\Users\\Alejandro\\Desktop\\alejost848\\functions\\node_modules\\firebase-functions\\lib\\index.js"} {"metadata":{"emulator":{"name":"functions"},"message":"[runtime-status] [10996] Resolved module firebase-functions {\"declared\":true,\"installed\":true,\"version\":\"3.14.1\",\"resolution\":\"C:\\\\Users\\\\Alejandro\\\\Desktop\\\\alejost848\\\\functions\\\\node_modules\\\\firebase-functions\\\\lib\\\\index.js\"}"}}
[debug] [2021-06-30T19:41:47.182Z] [runtime-status] [10996] Checked functions.config() {"config":{"gmail":{"email":"alejost848@gmail.com","password":"vllhlxwojarwvuia"}}} {"metadata":{"emulator":{"name":"functions"},"message":"[runtime-status] [10996] Checked functions.config() {\"config\":{\"gmail\":{\"email\":\"alejost848@gmail.com\",\"password\":\"vllhlxwojarwvuia\"}}}"}}
[debug] [2021-06-30T19:41:47.182Z] [runtime-status] [10996] firebase-functions has been stubbed. {"functionsResolution":{"declared":true,"installed":true,"version":"3.14.1","resolution":"C:\\Users\\Alejandro\\Desktop\\alejost848\\functions\\node_modules\\firebase-functions\\lib\\index.js"}} {"metadata":{"emulator":{"name":"functions"},"message":"[runtime-status] [10996] firebase-functions has been stubbed. {\"functionsResolution\":{\"declared\":true,\"installed\":true,\"version\":\"3.14.1\",\"resolution\":\"C:\\\\Users\\\\Alejandro\\\\Desktop\\\\alejost848\\\\functions\\\\node_modules\\\\firebase-functions\\\\lib\\\\index.js\"}}"}}
[debug] [2021-06-30T19:41:47.182Z] [runtime-status] [10996] Resolved module firebase-functions {"declared":true,"installed":true,"version":"3.14.1","resolution":"C:\\Users\\Alejandro\\Desktop\\alejost848\\functions\\node_modules\\firebase-functions\\lib\\index.js"} {"metadata":{"emulator":{"name":"functions"},"message":"[runtime-status] [10996] Resolved module firebase-functions {\"declared\":true,\"installed\":true,\"version\":\"3.14.1\",\"resolution\":\"C:\\\\Users\\\\Alejandro\\\\Desktop\\\\alejost848\\\\functions\\\\node_modules\\\\firebase-functions\\\\lib\\\\index.js\"}"}}
[debug] [2021-06-30T19:41:47.183Z] [runtime-status] [10996] Resolved module firebase-admin {"declared":true,"installed":true,"version":"9.10.0","resolution":"C:\\Users\\Alejandro\\Desktop\\alejost848\\functions\\node_modules\\firebase-admin\\lib\\index.js"} {"metadata":{"emulator":{"name":"functions"},"message":"[runtime-status] [10996] Resolved module firebase-admin {\"declared\":true,\"installed\":true,\"version\":\"9.10.0\",\"resolution\":\"C:\\\\Users\\\\Alejandro\\\\Desktop\\\\alejost848\\\\functions\\\\node_modules\\\\firebase-admin\\\\lib\\\\index.js\"}"}}
[debug] [2021-06-30T19:41:47.184Z] [runtime-status] [10996] Resolved module firebase-functions {"declared":true,"installed":true,"version":"3.14.1","resolution":"C:\\Users\\Alejandro\\Desktop\\alejost848\\functions\\node_modules\\firebase-functions\\lib\\index.js"} {"metadata":{"emulator":{"name":"functions"},"message":"[runtime-status] [10996] Resolved module firebase-functions {\"declared\":true,\"installed\":true,\"version\":\"3.14.1\",\"resolution\":\"C:\\\\Users\\\\Alejandro\\\\Desktop\\\\alejost848\\\\functions\\\\node_modules\\\\firebase-functions\\\\lib\\\\index.js\"}"}}
[debug] [2021-06-30T19:41:47.184Z] [runtime-status] [10996] firebase-admin has been stubbed. {"adminResolution":{"declared":true,"installed":true,"version":"9.10.0","resolution":"C:\\Users\\Alejandro\\Desktop\\alejost848\\functions\\node_modules\\firebase-admin\\lib\\index.js"}} {"metadata":{"emulator":{"name":"functions"},"message":"[runtime-status] [10996] firebase-admin has been stubbed. {\"adminResolution\":{\"declared\":true,\"installed\":true,\"version\":\"9.10.0\",\"resolution\":\"C:\\\\Users\\\\Alejandro\\\\Desktop\\\\alejost848\\\\functions\\\\node_modules\\\\firebase-admin\\\\lib\\\\index.js\"}}"}}
[warn] !  TypeError: require(...) is not a constructor
    at Object.<anonymous> (C:\Users\Alejandro\Desktop\alejost848\functions\index.js:13:13)
    at Module._compile (internal/modules/cjs/loader.js:1138:30)
    at Object.Module._extensions..js (internal/modules/cjs/loader.js:1158:10)
    at Module.load (internal/modules/cjs/loader.js:986:32)
    at Function.Module._load (internal/modules/cjs/loader.js:879:14)
    at Module.require (internal/modules/cjs/loader.js:1026:19)
    at require (internal/modules/cjs/helpers.js:72:18)
    at initializeRuntime (C:\Users\Alejandro\AppData\Roaming\npm\node_modules\firebase-tools\lib\emulator\functionsEmulatorRuntime.js:684:29)
    at processTicksAndRejections (internal/process/task_queues.js:97:5)
    at async handleMessage (C:\Users\Alejandro\AppData\Roaming\npm\node_modules\firebase-tools\lib\emulator\functionsEmulatorRuntime.js:723:20) {"metadata":{"emulator":{"name":"functions"},"message":"TypeError: require(...) is not a constructor\n    at Object.<anonymous> (C:\\Users\\Alejandro\\Desktop\\alejost848\\functions\\index.js:13:13)\n    at Module._compile (internal/modules/cjs/loader.js:1138:30)\n    at Object.Module._extensions..js (internal/modules/cjs/loader.js:1158:10)\n    at Module.load (internal/modules/cjs/loader.js:986:32)\n    at Function.Module._load (internal/modules/cjs/loader.js:879:14)\n    at Module.require (internal/modules/cjs/loader.js:1026:19)\n    at require (internal/modules/cjs/helpers.js:72:18)\n    at initializeRuntime (C:\\Users\\Alejandro\\AppData\\Roaming\\npm\\node_modules\\firebase-tools\\lib\\emulator\\functionsEmulatorRuntime.js:684:29)\n    at processTicksAndRejections (internal/process/task_queues.js:97:5)\n    at async handleMessage (C:\\Users\\Alejandro\\AppData\\Roaming\\npm\\node_modules\\firebase-tools\\lib\\emulator\\functionsEmulatorRuntime.js:723:20)"}}
[warn] !  We were unable to load your functions code. (see above) {"metadata":{"emulator":{"name":"functions"}}}
[debug] [2021-06-30T19:41:47.644Z] [worker-~diagnostic~-fb63a4bb-91bb-424a-9634-3420228d8ac0]: exited {"metadata":{"emulator":{"name":"functions"},"message":"[worker-~diagnostic~-fb63a4bb-91bb-424a-9634-3420228d8ac0]: exited"}}
[debug] [2021-06-30T19:41:47.644Z] [worker-~diagnostic~-fb63a4bb-91bb-424a-9634-3420228d8ac0]: FINISHED {"metadata":{"emulator":{"name":"functions"},"message":"[worker-~diagnostic~-fb63a4bb-91bb-424a-9634-3420228d8ac0]: FINISHED"}}
[debug] [2021-06-30T19:41:58.137Z] File C:\Users\Alejandro\Desktop\alejost848\functions\index.js changed, reloading triggers {"metadata":{"emulator":{"name":"functions"},"message":"File C:\\Users\\Alejandro\\Desktop\\alejost848\\functions\\index.js changed, reloading triggers"}}
[debug] [2021-06-30T19:41:59.146Z] [worker-pool] Cleaned up workers for ~diagnostic~: 1 --> 0 {"metadata":{"emulator":{"name":"functions"},"message":"[worker-pool] Cleaned up workers for ~diagnostic~: 1 --> 0"}}
[debug] [2021-06-30T19:41:59.149Z] [worker-pool] addWorker(~diagnostic~) {"metadata":{"emulator":{"name":"functions"},"message":"[worker-pool] addWorker(~diagnostic~)"}}
[debug] [2021-06-30T19:41:59.150Z] [worker-pool] Adding worker with key ~diagnostic~, total=1 {"metadata":{"emulator":{"name":"functions"},"message":"[worker-pool] Adding worker with key ~diagnostic~, total=1"}}
[debug] [2021-06-30T19:41:59.150Z] [worker-pool] submitWork(triggerId=) {"metadata":{"emulator":{"name":"functions"},"message":"[worker-pool] submitWork(triggerId=)"}}
[debug] [2021-06-30T19:41:59.150Z] [worker-~diagnostic~-952b72e7-4d35-43eb-8924-47c26a2a419f]: Assigning socketPath: \\?\pipe\C:\Users\Alejandro\Desktop\alejost848\functions\11116 {"metadata":{"emulator":{"name":"functions"},"message":"[worker-~diagnostic~-952b72e7-4d35-43eb-8924-47c26a2a419f]: Assigning socketPath: \\\\?\\pipe\\C:\\Users\\Alejandro\\Desktop\\alejost848\\functions\\11116"}}
[debug] [2021-06-30T19:41:59.150Z] [worker-~diagnostic~-952b72e7-4d35-43eb-8924-47c26a2a419f]: BUSY {"metadata":{"emulator":{"name":"functions"},"message":"[worker-~diagnostic~-952b72e7-4d35-43eb-8924-47c26a2a419f]: BUSY"}}
[debug] [2021-06-30T19:41:59.329Z] [runtime-status] [11116] Functions runtime initialized. {"cwd":"C:\\Users\\Alejandro\\Desktop\\alejost848\\functions","node_version":"12.17.0"} {"metadata":{"emulator":{"name":"functions"},"message":"[runtime-status] [11116] Functions runtime initialized. {\"cwd\":\"C:\\\\Users\\\\Alejandro\\\\Desktop\\\\alejost848\\\\functions\",\"node_version\":\"12.17.0\"}"}}
[debug] [2021-06-30T19:41:59.329Z] [runtime-status] [11116] Disabled runtime features: undefined {"metadata":{"emulator":{"name":"functions"},"message":"[runtime-status] [11116] Disabled runtime features: undefined"}}
[debug] [2021-06-30T19:41:59.332Z] [runtime-status] [11116] Resolved module firebase-admin {"declared":true,"installed":true,"version":"9.10.0","resolution":"C:\\Users\\Alejandro\\Desktop\\alejost848\\functions\\node_modules\\firebase-admin\\lib\\index.js"} {"metadata":{"emulator":{"name":"functions"},"message":"[runtime-status] [11116] Resolved module firebase-admin {\"declared\":true,\"installed\":true,\"version\":\"9.10.0\",\"resolution\":\"C:\\\\Users\\\\Alejandro\\\\Desktop\\\\alejost848\\\\functions\\\\node_modules\\\\firebase-admin\\\\lib\\\\index.js\"}"}}
[debug] [2021-06-30T19:41:59.334Z] [runtime-status] [11116] Resolved module firebase-functions {"declared":true,"installed":true,"version":"3.14.1","resolution":"C:\\Users\\Alejandro\\Desktop\\alejost848\\functions\\node_modules\\firebase-functions\\lib\\index.js"} {"metadata":{"emulator":{"name":"functions"},"message":"[runtime-status] [11116] Resolved module firebase-functions {\"declared\":true,\"installed\":true,\"version\":\"3.14.1\",\"resolution\":\"C:\\\\Users\\\\Alejandro\\\\Desktop\\\\alejost848\\\\functions\\\\node_modules\\\\firebase-functions\\\\lib\\\\index.js\"}"}}
[debug] [2021-06-30T19:41:59.334Z] [runtime-status] [11116] Found local functions config: C:\Users\Alejandro\Desktop\alejost848\functions/.runtimeconfig.json {"metadata":{"emulator":{"name":"functions"},"message":"[runtime-status] [11116] Found local functions config: C:\\Users\\Alejandro\\Desktop\\alejost848\\functions/.runtimeconfig.json"}}
[debug] [2021-06-30T19:41:59.334Z] [runtime-status] [11116] Resolved module firebase-functions {"declared":true,"installed":true,"version":"3.14.1","resolution":"C:\\Users\\Alejandro\\Desktop\\alejost848\\functions\\node_modules\\firebase-functions\\lib\\index.js"} {"metadata":{"emulator":{"name":"functions"},"message":"[runtime-status] [11116] Resolved module firebase-functions {\"declared\":true,\"installed\":true,\"version\":\"3.14.1\",\"resolution\":\"C:\\\\Users\\\\Alejandro\\\\Desktop\\\\alejost848\\\\functions\\\\node_modules\\\\firebase-functions\\\\lib\\\\index.js\"}"}}
[debug] [2021-06-30T19:41:59.336Z] [runtime-status] [11116] Outgoing network have been stubbed. [{"name":"http","status":"mocked"},{"name":"http","status":"mocked"},{"name":"https","status":"mocked"},{"name":"https","status":"mocked"},{"name":"net","status":"mocked"}] {"metadata":{"emulator":{"name":"functions"},"message":"[runtime-status] [11116] Outgoing network have been stubbed. [{\"name\":\"http\",\"status\":\"mocked\"},{\"name\":\"http\",\"status\":\"mocked\"},{\"name\":\"https\",\"status\":\"mocked\"},{\"name\":\"https\",\"status\":\"mocked\"},{\"name\":\"net\",\"status\":\"mocked\"}]"}}
[debug] [2021-06-30T19:41:59.336Z] [runtime-status] [11116] Resolved module firebase-functions {"declared":true,"installed":true,"version":"3.14.1","resolution":"C:\\Users\\Alejandro\\Desktop\\alejost848\\functions\\node_modules\\firebase-functions\\lib\\index.js"} {"metadata":{"emulator":{"name":"functions"},"message":"[runtime-status] [11116] Resolved module firebase-functions {\"declared\":true,\"installed\":true,\"version\":\"3.14.1\",\"resolution\":\"C:\\\\Users\\\\Alejandro\\\\Desktop\\\\alejost848\\\\functions\\\\node_modules\\\\firebase-functions\\\\lib\\\\index.js\"}"}}
[debug] [2021-06-30T19:41:59.377Z] [runtime-status] [11116] Checked functions.config() {"config":{"gmail":{"email":"alejost848@gmail.com","password":"vllhlxwojarwvuia"}}} {"metadata":{"emulator":{"name":"functions"},"message":"[runtime-status] [11116] Checked functions.config() {\"config\":{\"gmail\":{\"email\":\"alejost848@gmail.com\",\"password\":\"vllhlxwojarwvuia\"}}}"}}
[debug] [2021-06-30T19:41:59.378Z] [runtime-status] [11116] firebase-functions has been stubbed. {"functionsResolution":{"declared":true,"installed":true,"version":"3.14.1","resolution":"C:\\Users\\Alejandro\\Desktop\\alejost848\\functions\\node_modules\\firebase-functions\\lib\\index.js"}} {"metadata":{"emulator":{"name":"functions"},"message":"[runtime-status] [11116] firebase-functions has been stubbed. {\"functionsResolution\":{\"declared\":true,\"installed\":true,\"version\":\"3.14.1\",\"resolution\":\"C:\\\\Users\\\\Alejandro\\\\Desktop\\\\alejost848\\\\functions\\\\node_modules\\\\firebase-functions\\\\lib\\\\index.js\"}}"}}
[debug] [2021-06-30T19:41:59.378Z] [runtime-status] [11116] Resolved module firebase-functions {"declared":true,"installed":true,"version":"3.14.1","resolution":"C:\\Users\\Alejandro\\Desktop\\alejost848\\functions\\node_modules\\firebase-functions\\lib\\index.js"} {"metadata":{"emulator":{"name":"functions"},"message":"[runtime-status] [11116] Resolved module firebase-functions {\"declared\":true,\"installed\":true,\"version\":\"3.14.1\",\"resolution\":\"C:\\\\Users\\\\Alejandro\\\\Desktop\\\\alejost848\\\\functions\\\\node_modules\\\\firebase-functions\\\\lib\\\\index.js\"}"}}
[debug] [2021-06-30T19:41:59.379Z] [runtime-status] [11116] Resolved module firebase-admin {"declared":true,"installed":true,"version":"9.10.0","resolution":"C:\\Users\\Alejandro\\Desktop\\alejost848\\functions\\node_modules\\firebase-admin\\lib\\index.js"} {"metadata":{"emulator":{"name":"functions"},"message":"[runtime-status] [11116] Resolved module firebase-admin {\"declared\":true,\"installed\":true,\"version\":\"9.10.0\",\"resolution\":\"C:\\\\Users\\\\Alejandro\\\\Desktop\\\\alejost848\\\\functions\\\\node_modules\\\\firebase-admin\\\\lib\\\\index.js\"}"}}
[debug] [2021-06-30T19:41:59.380Z] [runtime-status] [11116] Resolved module firebase-functions {"declared":true,"installed":true,"version":"3.14.1","resolution":"C:\\Users\\Alejandro\\Desktop\\alejost848\\functions\\node_modules\\firebase-functions\\lib\\index.js"} {"metadata":{"emulator":{"name":"functions"},"message":"[runtime-status] [11116] Resolved module firebase-functions {\"declared\":true,\"installed\":true,\"version\":\"3.14.1\",\"resolution\":\"C:\\\\Users\\\\Alejandro\\\\Desktop\\\\alejost848\\\\functions\\\\node_modules\\\\firebase-functions\\\\lib\\\\index.js\"}"}}
[debug] [2021-06-30T19:41:59.380Z] [runtime-status] [11116] firebase-admin has been stubbed. {"adminResolution":{"declared":true,"installed":true,"version":"9.10.0","resolution":"C:\\Users\\Alejandro\\Desktop\\alejost848\\functions\\node_modules\\firebase-admin\\lib\\index.js"}} {"metadata":{"emulator":{"name":"functions"},"message":"[runtime-status] [11116] firebase-admin has been stubbed. {\"adminResolution\":{\"declared\":true,\"installed\":true,\"version\":\"9.10.0\",\"resolution\":\"C:\\\\Users\\\\Alejandro\\\\Desktop\\\\alejost848\\\\functions\\\\node_modules\\\\firebase-admin\\\\lib\\\\index.js\"}}"}}
[warn] !  TypeError: require(...) is not a function
    at Object.<anonymous> (C:\Users\Alejandro\Desktop\alejost848\functions\index.js:13:45)
    at Module._compile (internal/modules/cjs/loader.js:1138:30)
    at Object.Module._extensions..js (internal/modules/cjs/loader.js:1158:10)
    at Module.load (internal/modules/cjs/loader.js:986:32)
    at Function.Module._load (internal/modules/cjs/loader.js:879:14)
    at Module.require (internal/modules/cjs/loader.js:1026:19)
    at require (internal/modules/cjs/helpers.js:72:18)
    at initializeRuntime (C:\Users\Alejandro\AppData\Roaming\npm\node_modules\firebase-tools\lib\emulator\functionsEmulatorRuntime.js:684:29)
    at processTicksAndRejections (internal/process/task_queues.js:97:5)
    at async handleMessage (C:\Users\Alejandro\AppData\Roaming\npm\node_modules\firebase-tools\lib\emulator\functionsEmulatorRuntime.js:723:20) {"metadata":{"emulator":{"name":"functions"},"message":"TypeError: require(...) is not a function\n    at Object.<anonymous> (C:\\Users\\Alejandro\\Desktop\\alejost848\\functions\\index.js:13:45)\n    at Module._compile (internal/modules/cjs/loader.js:1138:30)\n    at Object.Module._extensions..js (internal/modules/cjs/loader.js:1158:10)\n    at Module.load (internal/modules/cjs/loader.js:986:32)\n    at Function.Module._load (internal/modules/cjs/loader.js:879:14)\n    at Module.require (internal/modules/cjs/loader.js:1026:19)\n    at require (internal/modules/cjs/helpers.js:72:18)\n    at initializeRuntime (C:\\Users\\Alejandro\\AppData\\Roaming\\npm\\node_modules\\firebase-tools\\lib\\emulator\\functionsEmulatorRuntime.js:684:29)\n    at processTicksAndRejections (internal/process/task_queues.js:97:5)\n    at async handleMessage (C:\\Users\\Alejandro\\AppData\\Roaming\\npm\\node_modules\\firebase-tools\\lib\\emulator\\functionsEmulatorRuntime.js:723:20)"}}
[warn] !  We were unable to load your functions code. (see above) {"metadata":{"emulator":{"name":"functions"}}}
[debug] [2021-06-30T19:41:59.847Z] [worker-~diagnostic~-952b72e7-4d35-43eb-8924-47c26a2a419f]: exited {"metadata":{"emulator":{"name":"functions"},"message":"[worker-~diagnostic~-952b72e7-4d35-43eb-8924-47c26a2a419f]: exited"}}
[debug] [2021-06-30T19:41:59.847Z] [worker-~diagnostic~-952b72e7-4d35-43eb-8924-47c26a2a419f]: FINISHED {"metadata":{"emulator":{"name":"functions"},"message":"[worker-~diagnostic~-952b72e7-4d35-43eb-8924-47c26a2a419f]: FINISHED"}}
[debug] [2021-06-30T19:42:06.580Z] ----------------------------------------------------------------------
[debug] [2021-06-30T19:42:06.582Z] Command:       C:\Program Files\nodejs\node.exe C:\Users\Alejandro\AppData\Roaming\npm\node_modules\firebase-tools\lib\bin\firebase.js serve
[debug] [2021-06-30T19:42:06.582Z] CLI Version:   9.12.1
[debug] [2021-06-30T19:42:06.582Z] Platform:      win32
[debug] [2021-06-30T19:42:06.582Z] Node Version:  v12.17.0
[debug] [2021-06-30T19:42:06.583Z] Time:          Wed Jun 30 2021 14:42:06 GMT-0500 (Colombia Standard Time)
[debug] [2021-06-30T19:42:06.583Z] ----------------------------------------------------------------------
[debug] 
[debug] [2021-06-30T19:42:06.590Z] > command requires scopes: ["email","openid","https://www.googleapis.com/auth/cloudplatformprojects.readonly","https://www.googleapis.com/auth/firebase","https://www.googleapis.com/auth/cloud-platform"]
[debug] [2021-06-30T19:42:06.590Z] > authorizing via signed-in user (alejost848@gmail.com)
[debug] [2021-06-30T19:42:06.591Z] [iam] checking project alejost848-afea9 for permissions ["firebase.projects.get"]
[debug] [2021-06-30T19:42:06.592Z] > refreshing access token with scopes: ["email","https://www.googleapis.com/auth/cloud-platform","https://www.googleapis.com/auth/cloudplatformprojects.readonly","https://www.googleapis.com/auth/firebase","openid"]
[debug] [2021-06-30T19:42:06.593Z] >>> HTTP REQUEST POST https://www.googleapis.com/oauth2/v3/token  
 <request body omitted>
[debug] [2021-06-30T19:42:06.878Z] <<< HTTP RESPONSE 200 {"expires":"Mon, 01 Jan 1990 00:00:00 GMT","cache-control":"no-cache, no-store, max-age=0, must-revalidate","date":"Wed, 30 Jun 2021 19:42:06 GMT","pragma":"no-cache","content-type":"application/json; charset=utf-8","vary":"X-Origin, Referer, Origin,Accept-Encoding","server":"scaffolding on HTTPServer2","x-xss-protection":"0","x-frame-options":"SAMEORIGIN","x-content-type-options":"nosniff","alt-svc":"h3=\":443\"; ma=2592000,h3-29=\":443\"; ma=2592000,h3-T051=\":443\"; ma=2592000,h3-Q050=\":443\"; ma=2592000,h3-Q046=\":443\"; ma=2592000,h3-Q043=\":443\"; ma=2592000,quic=\":443\"; ma=2592000; v=\"46,43\"","accept-ranges":"none","transfer-encoding":"chunked"}
[debug] [2021-06-30T19:42:06.886Z] >>> HTTP REQUEST POST https://cloudresourcemanager.googleapis.com/v1/projects/alejost848-afea9:testIamPermissions  
 {"permissions":["firebase.projects.get"]}
[debug] [2021-06-30T19:42:07.401Z] <<< HTTP RESPONSE 200 {"content-type":"application/json; charset=UTF-8","vary":"X-Origin, Referer, Origin,Accept-Encoding","date":"Wed, 30 Jun 2021 19:42:07 GMT","server":"ESF","cache-control":"private","x-xss-protection":"0","x-frame-options":"SAMEORIGIN","x-content-type-options":"nosniff","server-timing":"gfet4t7; dur=336","alt-svc":"h3=\":443\"; ma=2592000,h3-29=\":443\"; ma=2592000,h3-T051=\":443\"; ma=2592000,h3-Q050=\":443\"; ma=2592000,h3-Q046=\":443\"; ma=2592000,h3-Q043=\":443\"; ma=2592000,quic=\":443\"; ma=2592000; v=\"46,43\"","accept-ranges":"none","transfer-encoding":"chunked"}
[debug] [2021-06-30T19:42:07.402Z] > refreshing access token with scopes: []
[debug] [2021-06-30T19:42:07.402Z] >>> HTTP REQUEST POST https://www.googleapis.com/oauth2/v3/token  
 <request body omitted>
[debug] [2021-06-30T19:42:07.662Z] <<< HTTP RESPONSE 200 {"pragma":"no-cache","cache-control":"no-cache, no-store, max-age=0, must-revalidate","date":"Wed, 30 Jun 2021 19:42:07 GMT","expires":"Mon, 01 Jan 1990 00:00:00 GMT","content-type":"application/json; charset=utf-8","vary":"X-Origin, Referer, Origin,Accept-Encoding","server":"scaffolding on HTTPServer2","x-xss-protection":"0","x-frame-options":"SAMEORIGIN","x-content-type-options":"nosniff","alt-svc":"h3=\":443\"; ma=2592000,h3-29=\":443\"; ma=2592000,h3-T051=\":443\"; ma=2592000,h3-Q050=\":443\"; ma=2592000,h3-Q046=\":443\"; ma=2592000,h3-Q043=\":443\"; ma=2592000,quic=\":443\"; ma=2592000; v=\"46,43\"","accept-ranges":"none","transfer-encoding":"chunked"}
[debug] [2021-06-30T19:42:07.670Z] >>> [apiv2][query] GET https://firebase.googleapis.com/v1beta1/projects/alejost848-afea9 [none]
[debug] [2021-06-30T19:42:08.055Z] <<< [apiv2][status] GET https://firebase.googleapis.com/v1beta1/projects/alejost848-afea9 200
[debug] [2021-06-30T19:42:08.055Z] <<< [apiv2][body] GET https://firebase.googleapis.com/v1beta1/projects/alejost848-afea9 {"projectId":"alejost848-afea9","projectNumber":"776617594441","displayName":"alejost848","name":"projects/alejost848-afea9","resources":{"hostingSite":"alejost848-afea9","realtimeDatabaseInstance":"alejost848-afea9","storageBucket":"alejost848-afea9.appspot.com","locationId":"us-central"},"state":"ACTIVE"}
[info] 
[info] === Serving from 'C:\Users\Alejandro\Desktop\alejost848'...
[info] 
[debug] [2021-06-30T19:42:08.058Z] >>> [apiv2][query] GET https://firebasehosting.googleapis.com/v1beta1/projects/alejost848-afea9/sites 
[debug] [2021-06-30T19:42:08.682Z] <<< [apiv2][status] GET https://firebasehosting.googleapis.com/v1beta1/projects/alejost848-afea9/sites 200
[debug] [2021-06-30T19:42:08.682Z] <<< [apiv2][body] GET https://firebasehosting.googleapis.com/v1beta1/projects/alejost848-afea9/sites {"sites":[{"name":"projects/776617594441/sites/alejost848-afea9","defaultUrl":"https://alejost848-afea9.web.app","type":"DEFAULT_SITE"}]}
[debug] [2021-06-30T19:42:08.683Z] >>> [apiv2][query] GET https://firebase.googleapis.com/v1beta1/projects/alejost848-afea9/webApps/-/config [none]
[debug] [2021-06-30T19:42:09.200Z] <<< [apiv2][status] GET https://firebase.googleapis.com/v1beta1/projects/alejost848-afea9/webApps/-/config 200
[debug] [2021-06-30T19:42:09.200Z] <<< [apiv2][body] GET https://firebase.googleapis.com/v1beta1/projects/alejost848-afea9/webApps/-/config {"projectId":"alejost848-afea9","databaseURL":"https://alejost848-afea9.firebaseio.com","storageBucket":"alejost848-afea9.appspot.com","locationId":"us-central","apiKey":"AIzaSyClG-y7seb17rhGIa3hN4QCLn_8Ren4SRw","authDomain":"alejost848-afea9.firebaseapp.com","messagingSenderId":"776617594441"}
[info] i  hosting: Serving hosting files from: build/default {"metadata":{"emulator":{"name":"hosting"},"message":"Serving hosting files from: \u001b[1mbuild/default\u001b[22m"}}
[info] +  hosting: Local server: http://localhost:5000 {"metadata":{"emulator":{"name":"hosting"},"message":"Local server: \u001b[4m\u001b[1mhttp://localhost:5000\u001b[22m\u001b[24m"}}
[info] +  functions: Using node@12 from host. {"metadata":{"emulator":{"name":"functions"},"message":"Using node@12 from host."}}
[debug] [2021-06-30T19:42:10.107Z] defaultcredentials: writing to file C:\Users\Alejandro\AppData\Roaming\firebase\alejost848_gmail_com_application_default_credentials.json
[debug] [2021-06-30T19:42:10.108Z] Setting GAC to C:\Users\Alejandro\AppData\Roaming\firebase\alejost848_gmail_com_application_default_credentials.json {"metadata":{"emulator":{"name":"functions"},"message":"Setting GAC to C:\\Users\\Alejandro\\AppData\\Roaming\\firebase\\alejost848_gmail_com_application_default_credentials.json"}}
[debug] [2021-06-30T19:42:10.108Z] >>> [apiv2][query] GET https://firebase.googleapis.com/v1beta1/projects/alejost848-afea9/adminSdkConfig [none]
[debug] [2021-06-30T19:42:10.572Z] <<< [apiv2][status] GET https://firebase.googleapis.com/v1beta1/projects/alejost848-afea9/adminSdkConfig 200
[debug] [2021-06-30T19:42:10.572Z] <<< [apiv2][body] GET https://firebase.googleapis.com/v1beta1/projects/alejost848-afea9/adminSdkConfig {"projectId":"alejost848-afea9","databaseURL":"https://alejost848-afea9.firebaseio.com","storageBucket":"alejost848-afea9.appspot.com","locationId":"us-central"}
[info] i  functions: Watching "C:\Users\Alejandro\Desktop\alejost848\functions" for Cloud Functions... {"metadata":{"emulator":{"name":"functions"},"message":"Watching \"C:\\Users\\Alejandro\\Desktop\\alejost848\\functions\" for Cloud Functions..."}}
[debug] [2021-06-30T19:42:10.590Z] [worker-pool] addWorker(~diagnostic~) {"metadata":{"emulator":{"name":"functions"},"message":"[worker-pool] addWorker(~diagnostic~)"}}
[debug] [2021-06-30T19:42:10.590Z] [worker-pool] Adding worker with key ~diagnostic~, total=1 {"metadata":{"emulator":{"name":"functions"},"message":"[worker-pool] Adding worker with key ~diagnostic~, total=1"}}
[debug] [2021-06-30T19:42:10.590Z] [worker-pool] submitWork(triggerId=) {"metadata":{"emulator":{"name":"functions"},"message":"[worker-pool] submitWork(triggerId=)"}}
[debug] [2021-06-30T19:42:10.590Z] [worker-~diagnostic~-c878bce9-5a9d-44a9-a919-b58f685eab12]: Assigning socketPath: \\?\pipe\C:\Users\Alejandro\Desktop\alejost848\functions\28812 {"metadata":{"emulator":{"name":"functions"},"message":"[worker-~diagnostic~-c878bce9-5a9d-44a9-a919-b58f685eab12]: Assigning socketPath: \\\\?\\pipe\\C:\\Users\\Alejandro\\Desktop\\alejost848\\functions\\28812"}}
[debug] [2021-06-30T19:42:10.591Z] [worker-~diagnostic~-c878bce9-5a9d-44a9-a919-b58f685eab12]: BUSY {"metadata":{"emulator":{"name":"functions"},"message":"[worker-~diagnostic~-c878bce9-5a9d-44a9-a919-b58f685eab12]: BUSY"}}
[debug] [2021-06-30T19:42:10.768Z] [runtime-status] [28812] Functions runtime initialized. {"cwd":"C:\\Users\\Alejandro\\Desktop\\alejost848\\functions","node_version":"12.17.0"} {"metadata":{"emulator":{"name":"functions"},"message":"[runtime-status] [28812] Functions runtime initialized. {\"cwd\":\"C:\\\\Users\\\\Alejandro\\\\Desktop\\\\alejost848\\\\functions\",\"node_version\":\"12.17.0\"}"}}
[debug] [2021-06-30T19:42:10.769Z] [runtime-status] [28812] Disabled runtime features: undefined {"metadata":{"emulator":{"name":"functions"},"message":"[runtime-status] [28812] Disabled runtime features: undefined"}}
[debug] [2021-06-30T19:42:10.771Z] [runtime-status] [28812] Resolved module firebase-admin {"declared":true,"installed":true,"version":"9.10.0","resolution":"C:\\Users\\Alejandro\\Desktop\\alejost848\\functions\\node_modules\\firebase-admin\\lib\\index.js"} {"metadata":{"emulator":{"name":"functions"},"message":"[runtime-status] [28812] Resolved module firebase-admin {\"declared\":true,\"installed\":true,\"version\":\"9.10.0\",\"resolution\":\"C:\\\\Users\\\\Alejandro\\\\Desktop\\\\alejost848\\\\functions\\\\node_modules\\\\firebase-admin\\\\lib\\\\index.js\"}"}}
[debug] [2021-06-30T19:42:10.773Z] [runtime-status] [28812] Resolved module firebase-functions {"declared":true,"installed":true,"version":"3.14.1","resolution":"C:\\Users\\Alejandro\\Desktop\\alejost848\\functions\\node_modules\\firebase-functions\\lib\\index.js"} {"metadata":{"emulator":{"name":"functions"},"message":"[runtime-status] [28812] Resolved module firebase-functions {\"declared\":true,\"installed\":true,\"version\":\"3.14.1\",\"resolution\":\"C:\\\\Users\\\\Alejandro\\\\Desktop\\\\alejost848\\\\functions\\\\node_modules\\\\firebase-functions\\\\lib\\\\index.js\"}"}}
[debug] [2021-06-30T19:42:10.773Z] [runtime-status] [28812] Found local functions config: C:\Users\Alejandro\Desktop\alejost848\functions/.runtimeconfig.json {"metadata":{"emulator":{"name":"functions"},"message":"[runtime-status] [28812] Found local functions config: C:\\Users\\Alejandro\\Desktop\\alejost848\\functions/.runtimeconfig.json"}}
[debug] [2021-06-30T19:42:10.773Z] [runtime-status] [28812] Resolved module firebase-functions {"declared":true,"installed":true,"version":"3.14.1","resolution":"C:\\Users\\Alejandro\\Desktop\\alejost848\\functions\\node_modules\\firebase-functions\\lib\\index.js"} {"metadata":{"emulator":{"name":"functions"},"message":"[runtime-status] [28812] Resolved module firebase-functions {\"declared\":true,\"installed\":true,\"version\":\"3.14.1\",\"resolution\":\"C:\\\\Users\\\\Alejandro\\\\Desktop\\\\alejost848\\\\functions\\\\node_modules\\\\firebase-functions\\\\lib\\\\index.js\"}"}}
[debug] [2021-06-30T19:42:10.774Z] [runtime-status] [28812] Outgoing network have been stubbed. [{"name":"http","status":"mocked"},{"name":"http","status":"mocked"},{"name":"https","status":"mocked"},{"name":"https","status":"mocked"},{"name":"net","status":"mocked"}] {"metadata":{"emulator":{"name":"functions"},"message":"[runtime-status] [28812] Outgoing network have been stubbed. [{\"name\":\"http\",\"status\":\"mocked\"},{\"name\":\"http\",\"status\":\"mocked\"},{\"name\":\"https\",\"status\":\"mocked\"},{\"name\":\"https\",\"status\":\"mocked\"},{\"name\":\"net\",\"status\":\"mocked\"}]"}}
[debug] [2021-06-30T19:42:10.775Z] [runtime-status] [28812] Resolved module firebase-functions {"declared":true,"installed":true,"version":"3.14.1","resolution":"C:\\Users\\Alejandro\\Desktop\\alejost848\\functions\\node_modules\\firebase-functions\\lib\\index.js"} {"metadata":{"emulator":{"name":"functions"},"message":"[runtime-status] [28812] Resolved module firebase-functions {\"declared\":true,\"installed\":true,\"version\":\"3.14.1\",\"resolution\":\"C:\\\\Users\\\\Alejandro\\\\Desktop\\\\alejost848\\\\functions\\\\node_modules\\\\firebase-functions\\\\lib\\\\index.js\"}"}}
[debug] [2021-06-30T19:42:10.812Z] [runtime-status] [28812] Checked functions.config() {"config":{"gmail":{"email":"alejost848@gmail.com","password":"vllhlxwojarwvuia"}}} {"metadata":{"emulator":{"name":"functions"},"message":"[runtime-status] [28812] Checked functions.config() {\"config\":{\"gmail\":{\"email\":\"alejost848@gmail.com\",\"password\":\"vllhlxwojarwvuia\"}}}"}}
[debug] [2021-06-30T19:42:10.813Z] [runtime-status] [28812] firebase-functions has been stubbed. {"functionsResolution":{"declared":true,"installed":true,"version":"3.14.1","resolution":"C:\\Users\\Alejandro\\Desktop\\alejost848\\functions\\node_modules\\firebase-functions\\lib\\index.js"}} {"metadata":{"emulator":{"name":"functions"},"message":"[runtime-status] [28812] firebase-functions has been stubbed. {\"functionsResolution\":{\"declared\":true,\"installed\":true,\"version\":\"3.14.1\",\"resolution\":\"C:\\\\Users\\\\Alejandro\\\\Desktop\\\\alejost848\\\\functions\\\\node_modules\\\\firebase-functions\\\\lib\\\\index.js\"}}"}}
[debug] [2021-06-30T19:42:10.813Z] [runtime-status] [28812] Resolved module firebase-functions {"declared":true,"installed":true,"version":"3.14.1","resolution":"C:\\Users\\Alejandro\\Desktop\\alejost848\\functions\\node_modules\\firebase-functions\\lib\\index.js"} {"metadata":{"emulator":{"name":"functions"},"message":"[runtime-status] [28812] Resolved module firebase-functions {\"declared\":true,\"installed\":true,\"version\":\"3.14.1\",\"resolution\":\"C:\\\\Users\\\\Alejandro\\\\Desktop\\\\alejost848\\\\functions\\\\node_modules\\\\firebase-functions\\\\lib\\\\index.js\"}"}}
[debug] [2021-06-30T19:42:10.814Z] [runtime-status] [28812] Resolved module firebase-admin {"declared":true,"installed":true,"version":"9.10.0","resolution":"C:\\Users\\Alejandro\\Desktop\\alejost848\\functions\\node_modules\\firebase-admin\\lib\\index.js"} {"metadata":{"emulator":{"name":"functions"},"message":"[runtime-status] [28812] Resolved module firebase-admin {\"declared\":true,\"installed\":true,\"version\":\"9.10.0\",\"resolution\":\"C:\\\\Users\\\\Alejandro\\\\Desktop\\\\alejost848\\\\functions\\\\node_modules\\\\firebase-admin\\\\lib\\\\index.js\"}"}}
[debug] [2021-06-30T19:42:10.814Z] [runtime-status] [28812] Resolved module firebase-functions {"declared":true,"installed":true,"version":"3.14.1","resolution":"C:\\Users\\Alejandro\\Desktop\\alejost848\\functions\\node_modules\\firebase-functions\\lib\\index.js"} {"metadata":{"emulator":{"name":"functions"},"message":"[runtime-status] [28812] Resolved module firebase-functions {\"declared\":true,\"installed\":true,\"version\":\"3.14.1\",\"resolution\":\"C:\\\\Users\\\\Alejandro\\\\Desktop\\\\alejost848\\\\functions\\\\node_modules\\\\firebase-functions\\\\lib\\\\index.js\"}"}}
[debug] [2021-06-30T19:42:10.814Z] [runtime-status] [28812] firebase-admin has been stubbed. {"adminResolution":{"declared":true,"installed":true,"version":"9.10.0","resolution":"C:\\Users\\Alejandro\\Desktop\\alejost848\\functions\\node_modules\\firebase-admin\\lib\\index.js"}} {"metadata":{"emulator":{"name":"functions"},"message":"[runtime-status] [28812] firebase-admin has been stubbed. {\"adminResolution\":{\"declared\":true,\"installed\":true,\"version\":\"9.10.0\",\"resolution\":\"C:\\\\Users\\\\Alejandro\\\\Desktop\\\\alejost848\\\\functions\\\\node_modules\\\\firebase-admin\\\\lib\\\\index.js\"}}"}}
[warn] !  TypeError: require(...) is not a function
    at Object.<anonymous> (C:\Users\Alejandro\Desktop\alejost848\functions\index.js:13:45)
    at Module._compile (internal/modules/cjs/loader.js:1138:30)
    at Object.Module._extensions..js (internal/modules/cjs/loader.js:1158:10)
    at Module.load (internal/modules/cjs/loader.js:986:32)
    at Function.Module._load (internal/modules/cjs/loader.js:879:14)
    at Module.require (internal/modules/cjs/loader.js:1026:19)
    at require (internal/modules/cjs/helpers.js:72:18)
    at initializeRuntime (C:\Users\Alejandro\AppData\Roaming\npm\node_modules\firebase-tools\lib\emulator\functionsEmulatorRuntime.js:684:29)
    at processTicksAndRejections (internal/process/task_queues.js:97:5)
    at async handleMessage (C:\Users\Alejandro\AppData\Roaming\npm\node_modules\firebase-tools\lib\emulator\functionsEmulatorRuntime.js:723:20) {"metadata":{"emulator":{"name":"functions"},"message":"TypeError: require(...) is not a function\n    at Object.<anonymous> (C:\\Users\\Alejandro\\Desktop\\alejost848\\functions\\index.js:13:45)\n    at Module._compile (internal/modules/cjs/loader.js:1138:30)\n    at Object.Module._extensions..js (internal/modules/cjs/loader.js:1158:10)\n    at Module.load (internal/modules/cjs/loader.js:986:32)\n    at Function.Module._load (internal/modules/cjs/loader.js:879:14)\n    at Module.require (internal/modules/cjs/loader.js:1026:19)\n    at require (internal/modules/cjs/helpers.js:72:18)\n    at initializeRuntime (C:\\Users\\Alejandro\\AppData\\Roaming\\npm\\node_modules\\firebase-tools\\lib\\emulator\\functionsEmulatorRuntime.js:684:29)\n    at processTicksAndRejections (internal/process/task_queues.js:97:5)\n    at async handleMessage (C:\\Users\\Alejandro\\AppData\\Roaming\\npm\\node_modules\\firebase-tools\\lib\\emulator\\functionsEmulatorRuntime.js:723:20)"}}
[warn] !  We were unable to load your functions code. (see above) {"metadata":{"emulator":{"name":"functions"}}}
[debug] [2021-06-30T19:42:11.259Z] [worker-~diagnostic~-c878bce9-5a9d-44a9-a919-b58f685eab12]: exited {"metadata":{"emulator":{"name":"functions"},"message":"[worker-~diagnostic~-c878bce9-5a9d-44a9-a919-b58f685eab12]: exited"}}
[debug] [2021-06-30T19:42:11.259Z] [worker-~diagnostic~-c878bce9-5a9d-44a9-a919-b58f685eab12]: FINISHED {"metadata":{"emulator":{"name":"functions"},"message":"[worker-~diagnostic~-c878bce9-5a9d-44a9-a919-b58f685eab12]: FINISHED"}}
[debug] [2021-06-30T19:44:14.732Z] File C:\Users\Alejandro\Desktop\alejost848\functions\index.js changed, reloading triggers {"metadata":{"emulator":{"name":"functions"},"message":"File C:\\Users\\Alejandro\\Desktop\\alejost848\\functions\\index.js changed, reloading triggers"}}
[debug] [2021-06-30T19:44:15.745Z] [worker-pool] Cleaned up workers for ~diagnostic~: 1 --> 0 {"metadata":{"emulator":{"name":"functions"},"message":"[worker-pool] Cleaned up workers for ~diagnostic~: 1 --> 0"}}
[debug] [2021-06-30T19:44:15.749Z] [worker-pool] addWorker(~diagnostic~) {"metadata":{"emulator":{"name":"functions"},"message":"[worker-pool] addWorker(~diagnostic~)"}}
[debug] [2021-06-30T19:44:15.749Z] [worker-pool] Adding worker with key ~diagnostic~, total=1 {"metadata":{"emulator":{"name":"functions"},"message":"[worker-pool] Adding worker with key ~diagnostic~, total=1"}}
[debug] [2021-06-30T19:44:15.749Z] [worker-pool] submitWork(triggerId=) {"metadata":{"emulator":{"name":"functions"},"message":"[worker-pool] submitWork(triggerId=)"}}
[debug] [2021-06-30T19:44:15.749Z] [worker-~diagnostic~-3df9c8c1-1898-492b-98c3-ada4e0bde84f]: Assigning socketPath: \\?\pipe\C:\Users\Alejandro\Desktop\alejost848\functions\35844 {"metadata":{"emulator":{"name":"functions"},"message":"[worker-~diagnostic~-3df9c8c1-1898-492b-98c3-ada4e0bde84f]: Assigning socketPath: \\\\?\\pipe\\C:\\Users\\Alejandro\\Desktop\\alejost848\\functions\\35844"}}
[debug] [2021-06-30T19:44:15.749Z] [worker-~diagnostic~-3df9c8c1-1898-492b-98c3-ada4e0bde84f]: BUSY {"metadata":{"emulator":{"name":"functions"},"message":"[worker-~diagnostic~-3df9c8c1-1898-492b-98c3-ada4e0bde84f]: BUSY"}}
[debug] [2021-06-30T19:44:15.927Z] [runtime-status] [35844] Functions runtime initialized. {"cwd":"C:\\Users\\Alejandro\\Desktop\\alejost848\\functions","node_version":"12.17.0"} {"metadata":{"emulator":{"name":"functions"},"message":"[runtime-status] [35844] Functions runtime initialized. {\"cwd\":\"C:\\\\Users\\\\Alejandro\\\\Desktop\\\\alejost848\\\\functions\",\"node_version\":\"12.17.0\"}"}}
[debug] [2021-06-30T19:44:15.928Z] [runtime-status] [35844] Disabled runtime features: undefined {"metadata":{"emulator":{"name":"functions"},"message":"[runtime-status] [35844] Disabled runtime features: undefined"}}
[debug] [2021-06-30T19:44:15.930Z] [runtime-status] [35844] Resolved module firebase-admin {"declared":true,"installed":true,"version":"9.10.0","resolution":"C:\\Users\\Alejandro\\Desktop\\alejost848\\functions\\node_modules\\firebase-admin\\lib\\index.js"} {"metadata":{"emulator":{"name":"functions"},"message":"[runtime-status] [35844] Resolved module firebase-admin {\"declared\":true,\"installed\":true,\"version\":\"9.10.0\",\"resolution\":\"C:\\\\Users\\\\Alejandro\\\\Desktop\\\\alejost848\\\\functions\\\\node_modules\\\\firebase-admin\\\\lib\\\\index.js\"}"}}
[debug] [2021-06-30T19:44:15.932Z] [runtime-status] [35844] Resolved module firebase-functions {"declared":true,"installed":true,"version":"3.14.1","resolution":"C:\\Users\\Alejandro\\Desktop\\alejost848\\functions\\node_modules\\firebase-functions\\lib\\index.js"} {"metadata":{"emulator":{"name":"functions"},"message":"[runtime-status] [35844] Resolved module firebase-functions {\"declared\":true,\"installed\":true,\"version\":\"3.14.1\",\"resolution\":\"C:\\\\Users\\\\Alejandro\\\\Desktop\\\\alejost848\\\\functions\\\\node_modules\\\\firebase-functions\\\\lib\\\\index.js\"}"}}
[debug] [2021-06-30T19:44:15.932Z] [runtime-status] [35844] Found local functions config: C:\Users\Alejandro\Desktop\alejost848\functions/.runtimeconfig.json {"metadata":{"emulator":{"name":"functions"},"message":"[runtime-status] [35844] Found local functions config: C:\\Users\\Alejandro\\Desktop\\alejost848\\functions/.runtimeconfig.json"}}
[debug] [2021-06-30T19:44:15.933Z] [runtime-status] [35844] Resolved module firebase-functions {"declared":true,"installed":true,"version":"3.14.1","resolution":"C:\\Users\\Alejandro\\Desktop\\alejost848\\functions\\node_modules\\firebase-functions\\lib\\index.js"} {"metadata":{"emulator":{"name":"functions"},"message":"[runtime-status] [35844] Resolved module firebase-functions {\"declared\":true,\"installed\":true,\"version\":\"3.14.1\",\"resolution\":\"C:\\\\Users\\\\Alejandro\\\\Desktop\\\\alejost848\\\\functions\\\\node_modules\\\\firebase-functions\\\\lib\\\\index.js\"}"}}
[debug] [2021-06-30T19:44:15.934Z] [runtime-status] [35844] Outgoing network have been stubbed. [{"name":"http","status":"mocked"},{"name":"http","status":"mocked"},{"name":"https","status":"mocked"},{"name":"https","status":"mocked"},{"name":"net","status":"mocked"}] {"metadata":{"emulator":{"name":"functions"},"message":"[runtime-status] [35844] Outgoing network have been stubbed. [{\"name\":\"http\",\"status\":\"mocked\"},{\"name\":\"http\",\"status\":\"mocked\"},{\"name\":\"https\",\"status\":\"mocked\"},{\"name\":\"https\",\"status\":\"mocked\"},{\"name\":\"net\",\"status\":\"mocked\"}]"}}
[debug] [2021-06-30T19:44:15.935Z] [runtime-status] [35844] Resolved module firebase-functions {"declared":true,"installed":true,"version":"3.14.1","resolution":"C:\\Users\\Alejandro\\Desktop\\alejost848\\functions\\node_modules\\firebase-functions\\lib\\index.js"} {"metadata":{"emulator":{"name":"functions"},"message":"[runtime-status] [35844] Resolved module firebase-functions {\"declared\":true,\"installed\":true,\"version\":\"3.14.1\",\"resolution\":\"C:\\\\Users\\\\Alejandro\\\\Desktop\\\\alejost848\\\\functions\\\\node_modules\\\\firebase-functions\\\\lib\\\\index.js\"}"}}
[debug] [2021-06-30T19:44:15.974Z] [runtime-status] [35844] Checked functions.config() {"config":{"gmail":{"email":"alejost848@gmail.com","password":"vllhlxwojarwvuia"}}} {"metadata":{"emulator":{"name":"functions"},"message":"[runtime-status] [35844] Checked functions.config() {\"config\":{\"gmail\":{\"email\":\"alejost848@gmail.com\",\"password\":\"vllhlxwojarwvuia\"}}}"}}
[debug] [2021-06-30T19:44:15.974Z] [runtime-status] [35844] firebase-functions has been stubbed. {"functionsResolution":{"declared":true,"installed":true,"version":"3.14.1","resolution":"C:\\Users\\Alejandro\\Desktop\\alejost848\\functions\\node_modules\\firebase-functions\\lib\\index.js"}} {"metadata":{"emulator":{"name":"functions"},"message":"[runtime-status] [35844] firebase-functions has been stubbed. {\"functionsResolution\":{\"declared\":true,\"installed\":true,\"version\":\"3.14.1\",\"resolution\":\"C:\\\\Users\\\\Alejandro\\\\Desktop\\\\alejost848\\\\functions\\\\node_modules\\\\firebase-functions\\\\lib\\\\index.js\"}}"}}
[debug] [2021-06-30T19:44:15.974Z] [runtime-status] [35844] Resolved module firebase-functions {"declared":true,"installed":true,"version":"3.14.1","resolution":"C:\\Users\\Alejandro\\Desktop\\alejost848\\functions\\node_modules\\firebase-functions\\lib\\index.js"} {"metadata":{"emulator":{"name":"functions"},"message":"[runtime-status] [35844] Resolved module firebase-functions {\"declared\":true,\"installed\":true,\"version\":\"3.14.1\",\"resolution\":\"C:\\\\Users\\\\Alejandro\\\\Desktop\\\\alejost848\\\\functions\\\\node_modules\\\\firebase-functions\\\\lib\\\\index.js\"}"}}
[debug] [2021-06-30T19:44:15.975Z] [runtime-status] [35844] Resolved module firebase-admin {"declared":true,"installed":true,"version":"9.10.0","resolution":"C:\\Users\\Alejandro\\Desktop\\alejost848\\functions\\node_modules\\firebase-admin\\lib\\index.js"} {"metadata":{"emulator":{"name":"functions"},"message":"[runtime-status] [35844] Resolved module firebase-admin {\"declared\":true,\"installed\":true,\"version\":\"9.10.0\",\"resolution\":\"C:\\\\Users\\\\Alejandro\\\\Desktop\\\\alejost848\\\\functions\\\\node_modules\\\\firebase-admin\\\\lib\\\\index.js\"}"}}
[debug] [2021-06-30T19:44:15.976Z] [runtime-status] [35844] Resolved module firebase-functions {"declared":true,"installed":true,"version":"3.14.1","resolution":"C:\\Users\\Alejandro\\Desktop\\alejost848\\functions\\node_modules\\firebase-functions\\lib\\index.js"} {"metadata":{"emulator":{"name":"functions"},"message":"[runtime-status] [35844] Resolved module firebase-functions {\"declared\":true,\"installed\":true,\"version\":\"3.14.1\",\"resolution\":\"C:\\\\Users\\\\Alejandro\\\\Desktop\\\\alejost848\\\\functions\\\\node_modules\\\\firebase-functions\\\\lib\\\\index.js\"}"}}
[debug] [2021-06-30T19:44:15.976Z] [runtime-status] [35844] firebase-admin has been stubbed. {"adminResolution":{"declared":true,"installed":true,"version":"9.10.0","resolution":"C:\\Users\\Alejandro\\Desktop\\alejost848\\functions\\node_modules\\firebase-admin\\lib\\index.js"}} {"metadata":{"emulator":{"name":"functions"},"message":"[runtime-status] [35844] firebase-admin has been stubbed. {\"adminResolution\":{\"declared\":true,\"installed\":true,\"version\":\"9.10.0\",\"resolution\":\"C:\\\\Users\\\\Alejandro\\\\Desktop\\\\alejost848\\\\functions\\\\node_modules\\\\firebase-admin\\\\lib\\\\index.js\"}}"}}
[debug] [2021-06-30T19:44:16.425Z] [runtime-status] [35844] initializeApp(DEFAULT) {"storageBucket":"alejost848-afea9.appspot.com","databaseURL":"https://alejost848-afea9.firebaseio.com","projectId":"alejost848-afea9"} {"metadata":{"emulator":{"name":"functions"},"message":"[runtime-status] [35844] initializeApp(DEFAULT) {\"storageBucket\":\"alejost848-afea9.appspot.com\",\"databaseURL\":\"https://alejost848-afea9.firebaseio.com\",\"projectId\":\"alejost848-afea9\"}"}}
[info] i  functions[us-central1-addTutorial]: function ignored because the database emulator does not exist or is not running. {"metadata":{"emulator":{"name":"functions"},"message":"function ignored because the database emulator does not exist or is not running."}}
[info] i  functions[us-central1-addWork]: function ignored because the database emulator does not exist or is not running. {"metadata":{"emulator":{"name":"functions"},"message":"function ignored because the database emulator does not exist or is not running."}}
[info] i  functions[us-central1-sendNotification]: function ignored because the database emulator does not exist or is not running. {"metadata":{"emulator":{"name":"functions"},"message":"function ignored because the database emulator does not exist or is not running."}}
[info] i  functions[us-central1-handleSubscription]: function ignored because the database emulator does not exist or is not running. {"metadata":{"emulator":{"name":"functions"},"message":"function ignored because the database emulator does not exist or is not running."}}
[info] +  functions[us-central1-handleFormSubmit]: http function initialized (http://localhost:5001/alejost848-afea9/us-central1/handleFormSubmit). {"metadata":{"emulator":{"name":"functions"},"message":"\u001b[1mhttp\u001b[22m function initialized (http://localhost:5001/alejost848-afea9/us-central1/handleFormSubmit)."}}
[debug] [2021-06-30T19:44:16.436Z] addStorageTrigger {"eventTrigger":{"resource":"projects/_/buckets/alejost848-afea9.appspot.com","eventType":"google.storage.object.finalize","service":"storage.googleapis.com"}}
[info] +  functions[us-central1-handleImages2]: storage function initialized. {"metadata":{"emulator":{"name":"functions"},"message":"\u001b[1mstorage\u001b[22m function initialized."}}
[debug] [2021-06-30T19:44:16.437Z] addStorageTrigger {"eventTrigger":{"resource":"projects/_/buckets/alejost848-afea9.appspot.com","eventType":"google.storage.object.delete","service":"storage.googleapis.com"}}
[info] +  functions[us-central1-handleImagesDeletion]: storage function initialized. {"metadata":{"emulator":{"name":"functions"},"message":"\u001b[1mstorage\u001b[22m function initialized."}}
[info] +  functions[us-central1-host]: http function initialized (http://localhost:5001/alejost848-afea9/us-central1/host). {"metadata":{"emulator":{"name":"functions"},"message":"\u001b[1mhttp\u001b[22m function initialized (http://localhost:5001/alejost848-afea9/us-central1/host)."}}
[debug] [2021-06-30T19:44:16.438Z] [worker-~diagnostic~-3df9c8c1-1898-492b-98c3-ada4e0bde84f]: IDLE {"metadata":{"emulator":{"name":"functions"},"message":"[worker-~diagnostic~-3df9c8c1-1898-492b-98c3-ada4e0bde84f]: IDLE"}}
[debug] [2021-06-30T19:44:51.296Z] File C:\Users\Alejandro\Desktop\alejost848\functions\index.js changed, reloading triggers {"metadata":{"emulator":{"name":"functions"},"message":"File C:\\Users\\Alejandro\\Desktop\\alejost848\\functions\\index.js changed, reloading triggers"}}
[debug] [2021-06-30T19:44:55.728Z] ----------------------------------------------------------------------
[debug] [2021-06-30T19:44:55.729Z] Command:       C:\Program Files\nodejs\node.exe C:\Users\Alejandro\AppData\Roaming\npm\node_modules\firebase-tools\lib\bin\firebase.js serve
[debug] [2021-06-30T19:44:55.730Z] CLI Version:   9.12.1
[debug] [2021-06-30T19:44:55.730Z] Platform:      win32
[debug] [2021-06-30T19:44:55.730Z] Node Version:  v12.17.0
[debug] [2021-06-30T19:44:55.731Z] Time:          Wed Jun 30 2021 14:44:55 GMT-0500 (Colombia Standard Time)
[debug] [2021-06-30T19:44:55.731Z] ----------------------------------------------------------------------
[debug] 
[debug] [2021-06-30T19:44:55.738Z] > command requires scopes: ["email","openid","https://www.googleapis.com/auth/cloudplatformprojects.readonly","https://www.googleapis.com/auth/firebase","https://www.googleapis.com/auth/cloud-platform"]
[debug] [2021-06-30T19:44:55.738Z] > authorizing via signed-in user (alejost848@gmail.com)
[debug] [2021-06-30T19:44:55.738Z] [iam] checking project alejost848-afea9 for permissions ["firebase.projects.get"]
[debug] [2021-06-30T19:44:55.740Z] > refreshing access token with scopes: ["email","https://www.googleapis.com/auth/cloud-platform","https://www.googleapis.com/auth/cloudplatformprojects.readonly","https://www.googleapis.com/auth/firebase","openid"]
[debug] [2021-06-30T19:44:55.740Z] >>> HTTP REQUEST POST https://www.googleapis.com/oauth2/v3/token  
 <request body omitted>
[debug] [2021-06-30T19:44:56.118Z] <<< HTTP RESPONSE 200 {"pragma":"no-cache","cache-control":"no-cache, no-store, max-age=0, must-revalidate","expires":"Mon, 01 Jan 1990 00:00:00 GMT","date":"Wed, 30 Jun 2021 19:44:55 GMT","content-type":"application/json; charset=utf-8","vary":"X-Origin, Referer, Origin,Accept-Encoding","server":"scaffolding on HTTPServer2","x-xss-protection":"0","x-frame-options":"SAMEORIGIN","x-content-type-options":"nosniff","alt-svc":"h3=\":443\"; ma=2592000,h3-29=\":443\"; ma=2592000,h3-T051=\":443\"; ma=2592000,h3-Q050=\":443\"; ma=2592000,h3-Q046=\":443\"; ma=2592000,h3-Q043=\":443\"; ma=2592000,quic=\":443\"; ma=2592000; v=\"46,43\"","accept-ranges":"none","transfer-encoding":"chunked"}
[debug] [2021-06-30T19:44:56.132Z] >>> HTTP REQUEST POST https://cloudresourcemanager.googleapis.com/v1/projects/alejost848-afea9:testIamPermissions  
 {"permissions":["firebase.projects.get"]}
[debug] [2021-06-30T19:44:56.642Z] <<< HTTP RESPONSE 200 {"content-type":"application/json; charset=UTF-8","vary":"X-Origin, Referer, Origin,Accept-Encoding","date":"Wed, 30 Jun 2021 19:44:56 GMT","server":"ESF","cache-control":"private","x-xss-protection":"0","x-frame-options":"SAMEORIGIN","x-content-type-options":"nosniff","server-timing":"gfet4t7; dur=321","alt-svc":"h3=\":443\"; ma=2592000,h3-29=\":443\"; ma=2592000,h3-T051=\":443\"; ma=2592000,h3-Q050=\":443\"; ma=2592000,h3-Q046=\":443\"; ma=2592000,h3-Q043=\":443\"; ma=2592000,quic=\":443\"; ma=2592000; v=\"46,43\"","accept-ranges":"none","transfer-encoding":"chunked"}
[debug] [2021-06-30T19:44:56.643Z] > refreshing access token with scopes: []
[debug] [2021-06-30T19:44:56.643Z] >>> HTTP REQUEST POST https://www.googleapis.com/oauth2/v3/token  
 <request body omitted>
[debug] [2021-06-30T19:44:56.901Z] <<< HTTP RESPONSE 200 {"expires":"Mon, 01 Jan 1990 00:00:00 GMT","pragma":"no-cache","cache-control":"no-cache, no-store, max-age=0, must-revalidate","date":"Wed, 30 Jun 2021 19:44:56 GMT","content-type":"application/json; charset=utf-8","vary":"X-Origin, Referer, Origin,Accept-Encoding","server":"scaffolding on HTTPServer2","x-xss-protection":"0","x-frame-options":"SAMEORIGIN","x-content-type-options":"nosniff","alt-svc":"h3=\":443\"; ma=2592000,h3-29=\":443\"; ma=2592000,h3-T051=\":443\"; ma=2592000,h3-Q050=\":443\"; ma=2592000,h3-Q046=\":443\"; ma=2592000,h3-Q043=\":443\"; ma=2592000,quic=\":443\"; ma=2592000; v=\"46,43\"","accept-ranges":"none","transfer-encoding":"chunked"}
[debug] [2021-06-30T19:44:56.909Z] >>> [apiv2][query] GET https://firebase.googleapis.com/v1beta1/projects/alejost848-afea9 [none]
[debug] [2021-06-30T19:44:57.395Z] <<< [apiv2][status] GET https://firebase.googleapis.com/v1beta1/projects/alejost848-afea9 200
[debug] [2021-06-30T19:44:57.395Z] <<< [apiv2][body] GET https://firebase.googleapis.com/v1beta1/projects/alejost848-afea9 {"projectId":"alejost848-afea9","projectNumber":"776617594441","displayName":"alejost848","name":"projects/alejost848-afea9","resources":{"hostingSite":"alejost848-afea9","realtimeDatabaseInstance":"alejost848-afea9","storageBucket":"alejost848-afea9.appspot.com","locationId":"us-central"},"state":"ACTIVE"}
[info] 
[info] === Serving from 'C:\Users\Alejandro\Desktop\alejost848'...
[info] 
[debug] [2021-06-30T19:44:57.398Z] >>> [apiv2][query] GET https://firebasehosting.googleapis.com/v1beta1/projects/alejost848-afea9/sites 
[debug] [2021-06-30T19:44:58.027Z] <<< [apiv2][status] GET https://firebasehosting.googleapis.com/v1beta1/projects/alejost848-afea9/sites 200
[debug] [2021-06-30T19:44:58.027Z] <<< [apiv2][body] GET https://firebasehosting.googleapis.com/v1beta1/projects/alejost848-afea9/sites {"sites":[{"name":"projects/776617594441/sites/alejost848-afea9","defaultUrl":"https://alejost848-afea9.web.app","type":"DEFAULT_SITE"}]}
[debug] [2021-06-30T19:44:58.027Z] >>> [apiv2][query] GET https://firebase.googleapis.com/v1beta1/projects/alejost848-afea9/webApps/-/config [none]
[debug] [2021-06-30T19:44:58.540Z] <<< [apiv2][status] GET https://firebase.googleapis.com/v1beta1/projects/alejost848-afea9/webApps/-/config 200
[debug] [2021-06-30T19:44:58.540Z] <<< [apiv2][body] GET https://firebase.googleapis.com/v1beta1/projects/alejost848-afea9/webApps/-/config {"projectId":"alejost848-afea9","databaseURL":"https://alejost848-afea9.firebaseio.com","storageBucket":"alejost848-afea9.appspot.com","locationId":"us-central","apiKey":"AIzaSyClG-y7seb17rhGIa3hN4QCLn_8Ren4SRw","authDomain":"alejost848-afea9.firebaseapp.com","messagingSenderId":"776617594441"}
[info] i  hosting: Serving hosting files from: build/default {"metadata":{"emulator":{"name":"hosting"},"message":"Serving hosting files from: \u001b[1mbuild/default\u001b[22m"}}
[info] +  hosting: Local server: http://localhost:5000 {"metadata":{"emulator":{"name":"hosting"},"message":"Local server: \u001b[4m\u001b[1mhttp://localhost:5000\u001b[22m\u001b[24m"}}
[info] +  functions: Using node@12 from host. {"metadata":{"emulator":{"name":"functions"},"message":"Using node@12 from host."}}
[debug] [2021-06-30T19:44:59.437Z] defaultcredentials: writing to file C:\Users\Alejandro\AppData\Roaming\firebase\alejost848_gmail_com_application_default_credentials.json
[debug] [2021-06-30T19:44:59.438Z] Setting GAC to C:\Users\Alejandro\AppData\Roaming\firebase\alejost848_gmail_com_application_default_credentials.json {"metadata":{"emulator":{"name":"functions"},"message":"Setting GAC to C:\\Users\\Alejandro\\AppData\\Roaming\\firebase\\alejost848_gmail_com_application_default_credentials.json"}}
[debug] [2021-06-30T19:44:59.438Z] >>> [apiv2][query] GET https://firebase.googleapis.com/v1beta1/projects/alejost848-afea9/adminSdkConfig [none]
[debug] [2021-06-30T19:44:59.851Z] <<< [apiv2][status] GET https://firebase.googleapis.com/v1beta1/projects/alejost848-afea9/adminSdkConfig 200
[debug] [2021-06-30T19:44:59.852Z] <<< [apiv2][body] GET https://firebase.googleapis.com/v1beta1/projects/alejost848-afea9/adminSdkConfig {"projectId":"alejost848-afea9","databaseURL":"https://alejost848-afea9.firebaseio.com","storageBucket":"alejost848-afea9.appspot.com","locationId":"us-central"}
[info] i  functions: Watching "C:\Users\Alejandro\Desktop\alejost848\functions" for Cloud Functions... {"metadata":{"emulator":{"name":"functions"},"message":"Watching \"C:\\Users\\Alejandro\\Desktop\\alejost848\\functions\" for Cloud Functions..."}}
[debug] [2021-06-30T19:44:59.870Z] [worker-pool] addWorker(~diagnostic~) {"metadata":{"emulator":{"name":"functions"},"message":"[worker-pool] addWorker(~diagnostic~)"}}
[debug] [2021-06-30T19:44:59.870Z] [worker-pool] Adding worker with key ~diagnostic~, total=1 {"metadata":{"emulator":{"name":"functions"},"message":"[worker-pool] Adding worker with key ~diagnostic~, total=1"}}
[debug] [2021-06-30T19:44:59.870Z] [worker-pool] submitWork(triggerId=) {"metadata":{"emulator":{"name":"functions"},"message":"[worker-pool] submitWork(triggerId=)"}}
[debug] [2021-06-30T19:44:59.871Z] [worker-~diagnostic~-61e82355-d9ac-49f5-a8ce-12cf466a1029]: Assigning socketPath: \\?\pipe\C:\Users\Alejandro\Desktop\alejost848\functions\26728 {"metadata":{"emulator":{"name":"functions"},"message":"[worker-~diagnostic~-61e82355-d9ac-49f5-a8ce-12cf466a1029]: Assigning socketPath: \\\\?\\pipe\\C:\\Users\\Alejandro\\Desktop\\alejost848\\functions\\26728"}}
[debug] [2021-06-30T19:44:59.871Z] [worker-~diagnostic~-61e82355-d9ac-49f5-a8ce-12cf466a1029]: BUSY {"metadata":{"emulator":{"name":"functions"},"message":"[worker-~diagnostic~-61e82355-d9ac-49f5-a8ce-12cf466a1029]: BUSY"}}
[debug] [2021-06-30T19:45:00.049Z] [runtime-status] [26728] Functions runtime initialized. {"cwd":"C:\\Users\\Alejandro\\Desktop\\alejost848\\functions","node_version":"12.17.0"} {"metadata":{"emulator":{"name":"functions"},"message":"[runtime-status] [26728] Functions runtime initialized. {\"cwd\":\"C:\\\\Users\\\\Alejandro\\\\Desktop\\\\alejost848\\\\functions\",\"node_version\":\"12.17.0\"}"}}
[debug] [2021-06-30T19:45:00.050Z] [runtime-status] [26728] Disabled runtime features: undefined {"metadata":{"emulator":{"name":"functions"},"message":"[runtime-status] [26728] Disabled runtime features: undefined"}}
[debug] [2021-06-30T19:45:00.053Z] [runtime-status] [26728] Resolved module firebase-admin {"declared":true,"installed":true,"version":"9.10.0","resolution":"C:\\Users\\Alejandro\\Desktop\\alejost848\\functions\\node_modules\\firebase-admin\\lib\\index.js"} {"metadata":{"emulator":{"name":"functions"},"message":"[runtime-status] [26728] Resolved module firebase-admin {\"declared\":true,\"installed\":true,\"version\":\"9.10.0\",\"resolution\":\"C:\\\\Users\\\\Alejandro\\\\Desktop\\\\alejost848\\\\functions\\\\node_modules\\\\firebase-admin\\\\lib\\\\index.js\"}"}}
[debug] [2021-06-30T19:45:00.054Z] [runtime-status] [26728] Resolved module firebase-functions {"declared":true,"installed":true,"version":"3.14.1","resolution":"C:\\Users\\Alejandro\\Desktop\\alejost848\\functions\\node_modules\\firebase-functions\\lib\\index.js"} {"metadata":{"emulator":{"name":"functions"},"message":"[runtime-status] [26728] Resolved module firebase-functions {\"declared\":true,\"installed\":true,\"version\":\"3.14.1\",\"resolution\":\"C:\\\\Users\\\\Alejandro\\\\Desktop\\\\alejost848\\\\functions\\\\node_modules\\\\firebase-functions\\\\lib\\\\index.js\"}"}}
[debug] [2021-06-30T19:45:00.054Z] [runtime-status] [26728] Found local functions config: C:\Users\Alejandro\Desktop\alejost848\functions/.runtimeconfig.json {"metadata":{"emulator":{"name":"functions"},"message":"[runtime-status] [26728] Found local functions config: C:\\Users\\Alejandro\\Desktop\\alejost848\\functions/.runtimeconfig.json"}}
[debug] [2021-06-30T19:45:00.055Z] [runtime-status] [26728] Resolved module firebase-functions {"declared":true,"installed":true,"version":"3.14.1","resolution":"C:\\Users\\Alejandro\\Desktop\\alejost848\\functions\\node_modules\\firebase-functions\\lib\\index.js"} {"metadata":{"emulator":{"name":"functions"},"message":"[runtime-status] [26728] Resolved module firebase-functions {\"declared\":true,\"installed\":true,\"version\":\"3.14.1\",\"resolution\":\"C:\\\\Users\\\\Alejandro\\\\Desktop\\\\alejost848\\\\functions\\\\node_modules\\\\firebase-functions\\\\lib\\\\index.js\"}"}}
[debug] [2021-06-30T19:45:00.056Z] [runtime-status] [26728] Outgoing network have been stubbed. [{"name":"http","status":"mocked"},{"name":"http","status":"mocked"},{"name":"https","status":"mocked"},{"name":"https","status":"mocked"},{"name":"net","status":"mocked"}] {"metadata":{"emulator":{"name":"functions"},"message":"[runtime-status] [26728] Outgoing network have been stubbed. [{\"name\":\"http\",\"status\":\"mocked\"},{\"name\":\"http\",\"status\":\"mocked\"},{\"name\":\"https\",\"status\":\"mocked\"},{\"name\":\"https\",\"status\":\"mocked\"},{\"name\":\"net\",\"status\":\"mocked\"}]"}}
[debug] [2021-06-30T19:45:00.057Z] [runtime-status] [26728] Resolved module firebase-functions {"declared":true,"installed":true,"version":"3.14.1","resolution":"C:\\Users\\Alejandro\\Desktop\\alejost848\\functions\\node_modules\\firebase-functions\\lib\\index.js"} {"metadata":{"emulator":{"name":"functions"},"message":"[runtime-status] [26728] Resolved module firebase-functions {\"declared\":true,\"installed\":true,\"version\":\"3.14.1\",\"resolution\":\"C:\\\\Users\\\\Alejandro\\\\Desktop\\\\alejost848\\\\functions\\\\node_modules\\\\firebase-functions\\\\lib\\\\index.js\"}"}}
[debug] [2021-06-30T19:45:00.095Z] [runtime-status] [26728] Checked functions.config() {"config":{"gmail":{"email":"alejost848@gmail.com","password":"vllhlxwojarwvuia"}}} {"metadata":{"emulator":{"name":"functions"},"message":"[runtime-status] [26728] Checked functions.config() {\"config\":{\"gmail\":{\"email\":\"alejost848@gmail.com\",\"password\":\"vllhlxwojarwvuia\"}}}"}}
[debug] [2021-06-30T19:45:00.095Z] [runtime-status] [26728] firebase-functions has been stubbed. {"functionsResolution":{"declared":true,"installed":true,"version":"3.14.1","resolution":"C:\\Users\\Alejandro\\Desktop\\alejost848\\functions\\node_modules\\firebase-functions\\lib\\index.js"}} {"metadata":{"emulator":{"name":"functions"},"message":"[runtime-status] [26728] firebase-functions has been stubbed. {\"functionsResolution\":{\"declared\":true,\"installed\":true,\"version\":\"3.14.1\",\"resolution\":\"C:\\\\Users\\\\Alejandro\\\\Desktop\\\\alejost848\\\\functions\\\\node_modules\\\\firebase-functions\\\\lib\\\\index.js\"}}"}}
[debug] [2021-06-30T19:45:00.095Z] [runtime-status] [26728] Resolved module firebase-functions {"declared":true,"installed":true,"version":"3.14.1","resolution":"C:\\Users\\Alejandro\\Desktop\\alejost848\\functions\\node_modules\\firebase-functions\\lib\\index.js"} {"metadata":{"emulator":{"name":"functions"},"message":"[runtime-status] [26728] Resolved module firebase-functions {\"declared\":true,\"installed\":true,\"version\":\"3.14.1\",\"resolution\":\"C:\\\\Users\\\\Alejandro\\\\Desktop\\\\alejost848\\\\functions\\\\node_modules\\\\firebase-functions\\\\lib\\\\index.js\"}"}}
[debug] [2021-06-30T19:45:00.096Z] [runtime-status] [26728] Resolved module firebase-admin {"declared":true,"installed":true,"version":"9.10.0","resolution":"C:\\Users\\Alejandro\\Desktop\\alejost848\\functions\\node_modules\\firebase-admin\\lib\\index.js"} {"metadata":{"emulator":{"name":"functions"},"message":"[runtime-status] [26728] Resolved module firebase-admin {\"declared\":true,\"installed\":true,\"version\":\"9.10.0\",\"resolution\":\"C:\\\\Users\\\\Alejandro\\\\Desktop\\\\alejost848\\\\functions\\\\node_modules\\\\firebase-admin\\\\lib\\\\index.js\"}"}}
[debug] [2021-06-30T19:45:00.097Z] [runtime-status] [26728] Resolved module firebase-functions {"declared":true,"installed":true,"version":"3.14.1","resolution":"C:\\Users\\Alejandro\\Desktop\\alejost848\\functions\\node_modules\\firebase-functions\\lib\\index.js"} {"metadata":{"emulator":{"name":"functions"},"message":"[runtime-status] [26728] Resolved module firebase-functions {\"declared\":true,\"installed\":true,\"version\":\"3.14.1\",\"resolution\":\"C:\\\\Users\\\\Alejandro\\\\Desktop\\\\alejost848\\\\functions\\\\node_modules\\\\firebase-functions\\\\lib\\\\index.js\"}"}}
[debug] [2021-06-30T19:45:00.097Z] [runtime-status] [26728] firebase-admin has been stubbed. {"adminResolution":{"declared":true,"installed":true,"version":"9.10.0","resolution":"C:\\Users\\Alejandro\\Desktop\\alejost848\\functions\\node_modules\\firebase-admin\\lib\\index.js"}} {"metadata":{"emulator":{"name":"functions"},"message":"[runtime-status] [26728] firebase-admin has been stubbed. {\"adminResolution\":{\"declared\":true,\"installed\":true,\"version\":\"9.10.0\",\"resolution\":\"C:\\\\Users\\\\Alejandro\\\\Desktop\\\\alejost848\\\\functions\\\\node_modules\\\\firebase-admin\\\\lib\\\\index.js\"}}"}}
[warn] !  TypeError: require(...) is not a function
    at Object.<anonymous> (C:\Users\Alejandro\Desktop\alejost848\functions\index.js:13:47)
    at Module._compile (internal/modules/cjs/loader.js:1138:30)
    at Object.Module._extensions..js (internal/modules/cjs/loader.js:1158:10)
    at Module.load (internal/modules/cjs/loader.js:986:32)
    at Function.Module._load (internal/modules/cjs/loader.js:879:14)
    at Module.require (internal/modules/cjs/loader.js:1026:19)
    at require (internal/modules/cjs/helpers.js:72:18)
    at initializeRuntime (C:\Users\Alejandro\AppData\Roaming\npm\node_modules\firebase-tools\lib\emulator\functionsEmulatorRuntime.js:684:29)
    at processTicksAndRejections (internal/process/task_queues.js:97:5)
    at async handleMessage (C:\Users\Alejandro\AppData\Roaming\npm\node_modules\firebase-tools\lib\emulator\functionsEmulatorRuntime.js:723:20) {"metadata":{"emulator":{"name":"functions"},"message":"TypeError: require(...) is not a function\n    at Object.<anonymous> (C:\\Users\\Alejandro\\Desktop\\alejost848\\functions\\index.js:13:47)\n    at Module._compile (internal/modules/cjs/loader.js:1138:30)\n    at Object.Module._extensions..js (internal/modules/cjs/loader.js:1158:10)\n    at Module.load (internal/modules/cjs/loader.js:986:32)\n    at Function.Module._load (internal/modules/cjs/loader.js:879:14)\n    at Module.require (internal/modules/cjs/loader.js:1026:19)\n    at require (internal/modules/cjs/helpers.js:72:18)\n    at initializeRuntime (C:\\Users\\Alejandro\\AppData\\Roaming\\npm\\node_modules\\firebase-tools\\lib\\emulator\\functionsEmulatorRuntime.js:684:29)\n    at processTicksAndRejections (internal/process/task_queues.js:97:5)\n    at async handleMessage (C:\\Users\\Alejandro\\AppData\\Roaming\\npm\\node_modules\\firebase-tools\\lib\\emulator\\functionsEmulatorRuntime.js:723:20)"}}
[warn] !  We were unable to load your functions code. (see above) {"metadata":{"emulator":{"name":"functions"}}}
[debug] [2021-06-30T19:45:00.546Z] [worker-~diagnostic~-61e82355-d9ac-49f5-a8ce-12cf466a1029]: exited {"metadata":{"emulator":{"name":"functions"},"message":"[worker-~diagnostic~-61e82355-d9ac-49f5-a8ce-12cf466a1029]: exited"}}
[debug] [2021-06-30T19:45:00.546Z] [worker-~diagnostic~-61e82355-d9ac-49f5-a8ce-12cf466a1029]: FINISHED {"metadata":{"emulator":{"name":"functions"},"message":"[worker-~diagnostic~-61e82355-d9ac-49f5-a8ce-12cf466a1029]: FINISHED"}}
[debug] [2021-06-30T20:04:34.356Z] File C:\Users\Alejandro\Desktop\alejost848\functions\index.js changed, reloading triggers {"metadata":{"emulator":{"name":"functions"},"message":"File C:\\Users\\Alejandro\\Desktop\\alejost848\\functions\\index.js changed, reloading triggers"}}
[debug] [2021-06-30T20:04:35.366Z] [worker-pool] Cleaned up workers for ~diagnostic~: 1 --> 0 {"metadata":{"emulator":{"name":"functions"},"message":"[worker-pool] Cleaned up workers for ~diagnostic~: 1 --> 0"}}
[debug] [2021-06-30T20:04:35.370Z] [worker-pool] addWorker(~diagnostic~) {"metadata":{"emulator":{"name":"functions"},"message":"[worker-pool] addWorker(~diagnostic~)"}}
[debug] [2021-06-30T20:04:35.370Z] [worker-pool] Adding worker with key ~diagnostic~, total=1 {"metadata":{"emulator":{"name":"functions"},"message":"[worker-pool] Adding worker with key ~diagnostic~, total=1"}}
[debug] [2021-06-30T20:04:35.370Z] [worker-pool] submitWork(triggerId=) {"metadata":{"emulator":{"name":"functions"},"message":"[worker-pool] submitWork(triggerId=)"}}
[debug] [2021-06-30T20:04:35.370Z] [worker-~diagnostic~-3e6df39d-d57d-46bf-bbf7-498dea6978d6]: Assigning socketPath: \\?\pipe\C:\Users\Alejandro\Desktop\alejost848\functions\32476 {"metadata":{"emulator":{"name":"functions"},"message":"[worker-~diagnostic~-3e6df39d-d57d-46bf-bbf7-498dea6978d6]: Assigning socketPath: \\\\?\\pipe\\C:\\Users\\Alejandro\\Desktop\\alejost848\\functions\\32476"}}
[debug] [2021-06-30T20:04:35.370Z] [worker-~diagnostic~-3e6df39d-d57d-46bf-bbf7-498dea6978d6]: BUSY {"metadata":{"emulator":{"name":"functions"},"message":"[worker-~diagnostic~-3e6df39d-d57d-46bf-bbf7-498dea6978d6]: BUSY"}}
[debug] [2021-06-30T20:04:35.571Z] [runtime-status] [32476] Functions runtime initialized. {"cwd":"C:\\Users\\Alejandro\\Desktop\\alejost848\\functions","node_version":"12.17.0"} {"metadata":{"emulator":{"name":"functions"},"message":"[runtime-status] [32476] Functions runtime initialized. {\"cwd\":\"C:\\\\Users\\\\Alejandro\\\\Desktop\\\\alejost848\\\\functions\",\"node_version\":\"12.17.0\"}"}}
[debug] [2021-06-30T20:04:35.572Z] [runtime-status] [32476] Disabled runtime features: undefined {"metadata":{"emulator":{"name":"functions"},"message":"[runtime-status] [32476] Disabled runtime features: undefined"}}
[debug] [2021-06-30T20:04:35.575Z] [runtime-status] [32476] Resolved module firebase-admin {"declared":true,"installed":true,"version":"9.10.0","resolution":"C:\\Users\\Alejandro\\Desktop\\alejost848\\functions\\node_modules\\firebase-admin\\lib\\index.js"} {"metadata":{"emulator":{"name":"functions"},"message":"[runtime-status] [32476] Resolved module firebase-admin {\"declared\":true,\"installed\":true,\"version\":\"9.10.0\",\"resolution\":\"C:\\\\Users\\\\Alejandro\\\\Desktop\\\\alejost848\\\\functions\\\\node_modules\\\\firebase-admin\\\\lib\\\\index.js\"}"}}
[debug] [2021-06-30T20:04:35.576Z] [runtime-status] [32476] Resolved module firebase-functions {"declared":true,"installed":true,"version":"3.14.1","resolution":"C:\\Users\\Alejandro\\Desktop\\alejost848\\functions\\node_modules\\firebase-functions\\lib\\index.js"} {"metadata":{"emulator":{"name":"functions"},"message":"[runtime-status] [32476] Resolved module firebase-functions {\"declared\":true,\"installed\":true,\"version\":\"3.14.1\",\"resolution\":\"C:\\\\Users\\\\Alejandro\\\\Desktop\\\\alejost848\\\\functions\\\\node_modules\\\\firebase-functions\\\\lib\\\\index.js\"}"}}
[debug] [2021-06-30T20:04:35.576Z] [runtime-status] [32476] Found local functions config: C:\Users\Alejandro\Desktop\alejost848\functions/.runtimeconfig.json {"metadata":{"emulator":{"name":"functions"},"message":"[runtime-status] [32476] Found local functions config: C:\\Users\\Alejandro\\Desktop\\alejost848\\functions/.runtimeconfig.json"}}
[debug] [2021-06-30T20:04:35.577Z] [runtime-status] [32476] Resolved module firebase-functions {"declared":true,"installed":true,"version":"3.14.1","resolution":"C:\\Users\\Alejandro\\Desktop\\alejost848\\functions\\node_modules\\firebase-functions\\lib\\index.js"} {"metadata":{"emulator":{"name":"functions"},"message":"[runtime-status] [32476] Resolved module firebase-functions {\"declared\":true,\"installed\":true,\"version\":\"3.14.1\",\"resolution\":\"C:\\\\Users\\\\Alejandro\\\\Desktop\\\\alejost848\\\\functions\\\\node_modules\\\\firebase-functions\\\\lib\\\\index.js\"}"}}
[debug] [2021-06-30T20:04:35.578Z] [runtime-status] [32476] Outgoing network have been stubbed. [{"name":"http","status":"mocked"},{"name":"http","status":"mocked"},{"name":"https","status":"mocked"},{"name":"https","status":"mocked"},{"name":"net","status":"mocked"}] {"metadata":{"emulator":{"name":"functions"},"message":"[runtime-status] [32476] Outgoing network have been stubbed. [{\"name\":\"http\",\"status\":\"mocked\"},{\"name\":\"http\",\"status\":\"mocked\"},{\"name\":\"https\",\"status\":\"mocked\"},{\"name\":\"https\",\"status\":\"mocked\"},{\"name\":\"net\",\"status\":\"mocked\"}]"}}
[debug] [2021-06-30T20:04:35.579Z] [runtime-status] [32476] Resolved module firebase-functions {"declared":true,"installed":true,"version":"3.14.1","resolution":"C:\\Users\\Alejandro\\Desktop\\alejost848\\functions\\node_modules\\firebase-functions\\lib\\index.js"} {"metadata":{"emulator":{"name":"functions"},"message":"[runtime-status] [32476] Resolved module firebase-functions {\"declared\":true,\"installed\":true,\"version\":\"3.14.1\",\"resolution\":\"C:\\\\Users\\\\Alejandro\\\\Desktop\\\\alejost848\\\\functions\\\\node_modules\\\\firebase-functions\\\\lib\\\\index.js\"}"}}
[debug] [2021-06-30T20:04:35.619Z] [runtime-status] [32476] Checked functions.config() {"config":{"gmail":{"email":"alejost848@gmail.com","password":"vllhlxwojarwvuia"}}} {"metadata":{"emulator":{"name":"functions"},"message":"[runtime-status] [32476] Checked functions.config() {\"config\":{\"gmail\":{\"email\":\"alejost848@gmail.com\",\"password\":\"vllhlxwojarwvuia\"}}}"}}
[debug] [2021-06-30T20:04:35.619Z] [runtime-status] [32476] firebase-functions has been stubbed. {"functionsResolution":{"declared":true,"installed":true,"version":"3.14.1","resolution":"C:\\Users\\Alejandro\\Desktop\\alejost848\\functions\\node_modules\\firebase-functions\\lib\\index.js"}} {"metadata":{"emulator":{"name":"functions"},"message":"[runtime-status] [32476] firebase-functions has been stubbed. {\"functionsResolution\":{\"declared\":true,\"installed\":true,\"version\":\"3.14.1\",\"resolution\":\"C:\\\\Users\\\\Alejandro\\\\Desktop\\\\alejost848\\\\functions\\\\node_modules\\\\firebase-functions\\\\lib\\\\index.js\"}}"}}
[debug] [2021-06-30T20:04:35.619Z] [runtime-status] [32476] Resolved module firebase-functions {"declared":true,"installed":true,"version":"3.14.1","resolution":"C:\\Users\\Alejandro\\Desktop\\alejost848\\functions\\node_modules\\firebase-functions\\lib\\index.js"} {"metadata":{"emulator":{"name":"functions"},"message":"[runtime-status] [32476] Resolved module firebase-functions {\"declared\":true,\"installed\":true,\"version\":\"3.14.1\",\"resolution\":\"C:\\\\Users\\\\Alejandro\\\\Desktop\\\\alejost848\\\\functions\\\\node_modules\\\\firebase-functions\\\\lib\\\\index.js\"}"}}
[debug] [2021-06-30T20:04:35.620Z] [runtime-status] [32476] Resolved module firebase-admin {"declared":true,"installed":true,"version":"9.10.0","resolution":"C:\\Users\\Alejandro\\Desktop\\alejost848\\functions\\node_modules\\firebase-admin\\lib\\index.js"} {"metadata":{"emulator":{"name":"functions"},"message":"[runtime-status] [32476] Resolved module firebase-admin {\"declared\":true,\"installed\":true,\"version\":\"9.10.0\",\"resolution\":\"C:\\\\Users\\\\Alejandro\\\\Desktop\\\\alejost848\\\\functions\\\\node_modules\\\\firebase-admin\\\\lib\\\\index.js\"}"}}
[debug] [2021-06-30T20:04:35.621Z] [runtime-status] [32476] Resolved module firebase-functions {"declared":true,"installed":true,"version":"3.14.1","resolution":"C:\\Users\\Alejandro\\Desktop\\alejost848\\functions\\node_modules\\firebase-functions\\lib\\index.js"} {"metadata":{"emulator":{"name":"functions"},"message":"[runtime-status] [32476] Resolved module firebase-functions {\"declared\":true,\"installed\":true,\"version\":\"3.14.1\",\"resolution\":\"C:\\\\Users\\\\Alejandro\\\\Desktop\\\\alejost848\\\\functions\\\\node_modules\\\\firebase-functions\\\\lib\\\\index.js\"}"}}
[debug] [2021-06-30T20:04:35.621Z] [runtime-status] [32476] firebase-admin has been stubbed. {"adminResolution":{"declared":true,"installed":true,"version":"9.10.0","resolution":"C:\\Users\\Alejandro\\Desktop\\alejost848\\functions\\node_modules\\firebase-admin\\lib\\index.js"}} {"metadata":{"emulator":{"name":"functions"},"message":"[runtime-status] [32476] firebase-admin has been stubbed. {\"adminResolution\":{\"declared\":true,\"installed\":true,\"version\":\"9.10.0\",\"resolution\":\"C:\\\\Users\\\\Alejandro\\\\Desktop\\\\alejost848\\\\functions\\\\node_modules\\\\firebase-admin\\\\lib\\\\index.js\"}}"}}
[debug] [2021-06-30T20:04:36.081Z] [runtime-status] [32476] initializeApp(DEFAULT) {"storageBucket":"alejost848-afea9.appspot.com","databaseURL":"https://alejost848-afea9.firebaseio.com","projectId":"alejost848-afea9"} {"metadata":{"emulator":{"name":"functions"},"message":"[runtime-status] [32476] initializeApp(DEFAULT) {\"storageBucket\":\"alejost848-afea9.appspot.com\",\"databaseURL\":\"https://alejost848-afea9.firebaseio.com\",\"projectId\":\"alejost848-afea9\"}"}}
[info] i  functions[us-central1-addTutorial]: function ignored because the database emulator does not exist or is not running. {"metadata":{"emulator":{"name":"functions"},"message":"function ignored because the database emulator does not exist or is not running."}}
[info] i  functions[us-central1-addWork]: function ignored because the database emulator does not exist or is not running. {"metadata":{"emulator":{"name":"functions"},"message":"function ignored because the database emulator does not exist or is not running."}}
[info] i  functions[us-central1-sendNotification]: function ignored because the database emulator does not exist or is not running. {"metadata":{"emulator":{"name":"functions"},"message":"function ignored because the database emulator does not exist or is not running."}}
[info] i  functions[us-central1-handleSubscription]: function ignored because the database emulator does not exist or is not running. {"metadata":{"emulator":{"name":"functions"},"message":"function ignored because the database emulator does not exist or is not running."}}
[info] +  functions[us-central1-handleFormSubmit]: http function initialized (http://localhost:5001/alejost848-afea9/us-central1/handleFormSubmit). {"metadata":{"emulator":{"name":"functions"},"message":"\u001b[1mhttp\u001b[22m function initialized (http://localhost:5001/alejost848-afea9/us-central1/handleFormSubmit)."}}
[debug] [2021-06-30T20:04:36.092Z] addStorageTrigger {"eventTrigger":{"resource":"projects/_/buckets/alejost848-afea9.appspot.com","eventType":"google.storage.object.finalize","service":"storage.googleapis.com"}}
[info] +  functions[us-central1-handleImages2]: storage function initialized. {"metadata":{"emulator":{"name":"functions"},"message":"\u001b[1mstorage\u001b[22m function initialized."}}
[debug] [2021-06-30T20:04:36.092Z] addStorageTrigger {"eventTrigger":{"resource":"projects/_/buckets/alejost848-afea9.appspot.com","eventType":"google.storage.object.delete","service":"storage.googleapis.com"}}
[info] +  functions[us-central1-handleImagesDeletion]: storage function initialized. {"metadata":{"emulator":{"name":"functions"},"message":"\u001b[1mstorage\u001b[22m function initialized."}}
[info] +  functions[us-central1-host]: http function initialized (http://localhost:5001/alejost848-afea9/us-central1/host). {"metadata":{"emulator":{"name":"functions"},"message":"\u001b[1mhttp\u001b[22m function initialized (http://localhost:5001/alejost848-afea9/us-central1/host)."}}
[debug] [2021-06-30T20:04:36.093Z] [worker-~diagnostic~-3e6df39d-d57d-46bf-bbf7-498dea6978d6]: IDLE {"metadata":{"emulator":{"name":"functions"},"message":"[worker-~diagnostic~-3e6df39d-d57d-46bf-bbf7-498dea6978d6]: IDLE"}}
